0.5,lru,bwaves-945B-namd-120B ..pass
0.5,lru,bwaves-945B-namd-120B ..pass
0.5,lru,bwaves-945B-namd-120B ..pass
0.5,lru,bwaves-945B-namd-120B ..pass
1,lru,bwaves-945B-namd-120B ..pass
1,lru,bwaves-945B-namd-120B ..pass
1,lru,bwaves-945B-namd-120B ..pass
1,lru,bwaves-945B-namd-120B ..pass
2,lru,bwaves-945B-namd-120B ..pass
2,lru,bwaves-945B-namd-120B ..pass
2,lru,bwaves-945B-namd-120B ..pass
2,lru,bwaves-945B-namd-120B ..pass
0.5,random,bwaves-945B-namd-120B ..pass
0.5,random,bwaves-945B-namd-120B ..pass
0.5,random,bwaves-945B-namd-120B ..pass
0.5,random,bwaves-945B-namd-120B ..pass
0.5,lru,bwaves-945B-namd-120B ..pass
0.5,lru,bwaves-945B-namd-120B ..pass
0.5,lru,bwaves-945B-namd-120B ..pass
0.5,lru,bwaves-945B-namd-120B ..pass
1,lru,bwaves-945B-namd-120B ..pass
1,lru,bwaves-945B-namd-120B ..pass
1,lru,bwaves-945B-namd-120B ..fail
2,lru,bwaves-945B-namd-120B ..pass
2,lru,bwaves-945B-namd-120B ..pass
2,lru,bwaves-945B-namd-120B ..fail
0.5,lru,bwaves-945B-namd-120B ..pass
0.5,lru,bwaves-945B-namd-120B ..pass
0.5,lru,bwaves-945B-namd-120B ..fail
1,lru,bwaves-945B-namd-120B ..pass
1,lru,bwaves-945B-namd-120B ..pass
1,lru,bwaves-945B-namd-120B ..pass
1,lru,bwaves-945B-namd-120B ..pass
2,lru,bwaves-945B-namd-120B ..pass
2,lru,bwaves-945B-namd-120B ..pass
2,lru,bwaves-945B-namd-120B ..fail
0.5,random,bwaves-945B-namd-120B ..pass
0.5,random,bwaves-945B-namd-120B ..pass
0.5,random,bwaves-945B-namd-120B ..fail
0.5,lru,bwaves-945B-namd-120B ..pass
0.5,lru,bwaves-945B-namd-120B ..pass
0.5,lru,bwaves-945B-namd-120B ..pass
0.5,lru,bwaves-945B-namd-120B ..pass
1,lru,bwaves-945B-namd-120B ..pass
1,lru,bwaves-945B-namd-120B ..pass
1,lru,bwaves-945B-namd-120B ..fail
0.5,lru,bwaves-945B-namd-120B ..pass
0.5,lru,bwaves-945B-namd-120B ..pass
0.5,lru,bwaves-945B-namd-120B ..pass
0.5,lru,bwaves-945B-namd-120B ..pass
0.5,lru,bwaves-945B-namd-120B ..pass
0.5,lru,bwaves-945B-namd-120B ..pass
0.5,lru,bwaves-945B-namd-120B ..pass
0.5,lru,bwaves-945B-namd-120B ..pass
0.5,lru,bwaves-945B-namd-120B ..pass
1,lru,bwaves-945B-namd-120B ..pass
2,lru,bwaves-945B-namd-120B ..fail
2,lru,bwaves-945B-namd-120B ..pass
