1,cpu1_L2C,0,21,5,5,6,5,
1,cpu1_L2C,1,21,5,5,6,5,
1,cpu1_L2C,2,21,5,5,6,5,
1,cpu1_L2C,3,21,5,5,6,5,
1,cpu1_L2C,4,20,5,6,5,4,
1,cpu1_L2C,5,20,5,6,5,4,
1,cpu1_L2C,6,20,5,6,5,4,
1,cpu1_L2C,7,20,5,6,5,4,
1,cpu1_L2C,8,20,5,6,5,4,
1,cpu1_L2C,9,20,5,6,5,4,
1,cpu1_L2C,10,21,5,5,6,5,
1,cpu1_L2C,11,21,5,5,6,5,
1,cpu1_L2C,12,21,5,5,6,5,
1,cpu1_L2C,13,21,5,5,6,5,
1,cpu1_L2C,14,21,5,5,6,5,
1,cpu1_L2C,15,21,5,5,6,5,
1,cpu1_L2C,16,21,5,5,6,5,
1,cpu1_L2C,17,21,5,5,6,5,
1,cpu1_L2C,18,21,5,5,6,5,
1,cpu1_L2C,19,21,5,5,6,5,
1,cpu1_L2C,20,21,5,5,6,5,
1,cpu1_L2C,21,21,5,5,6,5,
1,cpu1_L2C,22,21,5,5,6,5,
1,cpu1_L2C,23,20,5,6,5,4,
1,cpu1_L2C,24,20,5,6,5,4,
1,cpu1_L2C,25,20,5,6,5,4,
1,cpu1_L2C,26,19,5,5,5,4,
1,cpu1_L2C,27,19,5,5,5,4,
1,cpu1_L2C,28,19,5,5,5,4,
1,cpu1_L2C,29,18,5,5,4,4,
1,cpu1_L2C,30,18,5,5,4,4,
1,cpu1_L2C,31,18,5,5,4,4,
1,cpu1_L2C,32,18,5,5,4,4,
1,cpu1_L2C,33,19,5,5,5,4,
1,cpu1_L2C,34,19,5,5,5,4,
1,cpu1_L2C,35,19,5,5,5,4,
1,cpu1_L2C,36,19,5,6,4,4,
1,cpu1_L2C,37,19,5,6,4,4,
1,cpu1_L2C,38,19,5,6,4,4,
1,cpu1_L2C,39,19,5,6,4,4,
1,cpu1_L2C,40,20,5,5,6,4,
1,cpu1_L2C,41,18,6,4,4,4,
1,cpu1_L2C,42,19,5,6,4,4,
1,cpu1_L2C,43,19,5,6,4,4,
1,cpu1_L2C,44,18,6,4,4,4,
1,cpu1_L2C,45,19,5,6,4,4,
1,cpu1_L2C,46,19,5,6,4,4,
1,cpu1_L2C,47,18,6,4,4,4,
1,cpu1_L2C,48,18,6,4,4,4,
1,cpu1_L2C,49,18,6,4,4,4,
1,cpu1_L2C,50,18,6,4,4,4,
1,cpu1_L2C,51,18,6,4,4,4,
1,cpu1_L2C,52,18,6,4,4,4,
1,cpu1_L2C,53,18,6,4,4,4,
1,cpu1_L2C,54,18,6,4,4,4,
1,cpu1_L2C,55,18,6,4,4,4,
1,cpu1_L2C,56,18,6,4,4,4,
1,cpu1_L2C,57,19,5,6,4,4,
1,cpu1_L2C,58,19,5,6,4,4,
1,cpu1_L2C,59,19,5,6,4,4,
1,cpu1_L2C,60,18,6,4,4,4,
1,cpu1_L2C,61,18,6,4,4,4,
1,cpu1_L2C,62,19,5,6,4,4,
1,cpu1_L2C,63,19,5,6,4,4,
1,cpu1_L2C,64,17,5,4,4,4,
1,cpu1_L2C,65,16,4,4,4,4,
1,cpu1_L2C,66,16,4,4,4,4,
1,cpu1_L2C,67,16,4,4,4,4,
1,cpu1_L2C,68,16,4,4,4,4,
1,cpu1_L2C,69,16,4,4,4,4,
1,cpu1_L2C,70,16,4,4,4,4,
1,cpu1_L2C,71,16,4,4,4,4,
1,cpu1_L2C,72,16,4,4,4,4,
1,cpu1_L2C,73,16,4,4,4,4,
1,cpu1_L2C,74,16,4,4,4,4,
1,cpu1_L2C,75,16,4,4,4,4,
1,cpu1_L2C,76,16,4,4,4,4,
1,cpu1_L2C,77,16,4,4,4,4,
1,cpu1_L2C,78,16,4,4,4,4,
1,cpu1_L2C,79,16,4,4,4,4,
1,cpu1_L2C,80,16,4,4,4,4,
1,cpu1_L2C,81,16,4,4,4,4,
1,cpu1_L2C,82,16,4,4,4,4,
1,cpu1_L2C,83,16,4,4,4,4,
1,cpu1_L2C,84,17,4,5,4,4,
1,cpu1_L2C,85,16,4,4,4,4,
1,cpu1_L2C,86,16,4,4,4,4,
1,cpu1_L2C,87,16,4,4,4,4,
1,cpu1_L2C,88,16,4,4,4,4,
1,cpu1_L2C,89,16,4,4,4,4,
1,cpu1_L2C,90,16,4,4,4,4,
1,cpu1_L2C,91,16,4,4,4,4,
1,cpu1_L2C,92,16,4,4,4,4,
1,cpu1_L2C,93,16,4,4,4,4,
1,cpu1_L2C,94,16,4,4,4,4,
1,cpu1_L2C,95,17,5,4,4,4,
1,cpu1_L2C,96,16,4,4,4,4,
1,cpu1_L2C,97,16,4,4,4,4,
1,cpu1_L2C,98,16,4,4,4,4,
1,cpu1_L2C,99,16,4,4,4,4,
1,cpu1_L2C,100,16,4,4,4,4,
1,cpu1_L2C,101,16,4,4,4,4,
1,cpu1_L2C,102,16,4,4,4,4,
1,cpu1_L2C,103,16,4,4,4,4,
1,cpu1_L2C,104,16,4,4,4,4,
1,cpu1_L2C,105,16,4,4,4,4,
1,cpu1_L2C,106,16,4,4,4,4,
1,cpu1_L2C,107,16,4,4,4,4,
1,cpu1_L2C,108,16,4,4,4,4,
1,cpu1_L2C,109,16,4,4,4,4,
1,cpu1_L2C,110,16,4,4,4,4,
1,cpu1_L2C,111,16,4,4,4,4,
1,cpu1_L2C,112,16,4,4,4,4,
1,cpu1_L2C,113,16,4,4,4,4,
1,cpu1_L2C,114,16,4,4,4,4,
1,cpu1_L2C,115,16,4,4,4,4,
1,cpu1_L2C,116,16,4,4,4,4,
1,cpu1_L2C,117,16,4,4,4,4,
1,cpu1_L2C,118,16,4,4,4,4,
1,cpu1_L2C,119,16,4,4,4,4,
1,cpu1_L2C,120,16,4,4,4,4,
1,cpu1_L2C,121,16,4,4,4,4,
1,cpu1_L2C,122,16,4,4,4,4,
1,cpu1_L2C,123,16,4,4,4,4,
1,cpu1_L2C,124,16,4,4,4,4,
1,cpu1_L2C,125,16,4,4,4,4,
1,cpu1_L2C,126,16,4,4,4,4,
1,cpu1_L2C,127,16,4,4,4,4,
1,cpu1_L2C,128,23,6,6,5,6,
1,cpu1_L2C,129,23,6,6,5,6,
1,cpu1_L2C,130,23,6,6,5,6,
1,cpu1_L2C,131,23,6,6,5,6,
1,cpu1_L2C,132,24,7,6,6,5,
1,cpu1_L2C,133,24,7,6,6,5,
1,cpu1_L2C,134,24,7,6,6,5,
1,cpu1_L2C,135,24,7,6,6,5,
1,cpu1_L2C,136,24,7,6,6,5,
1,cpu1_L2C,137,24,7,6,6,5,
1,cpu1_L2C,138,24,7,6,6,5,
1,cpu1_L2C,139,24,7,6,6,5,
1,cpu1_L2C,140,24,7,6,6,5,
1,cpu1_L2C,141,24,7,6,6,5,
1,cpu1_L2C,142,24,7,6,6,5,
1,cpu1_L2C,143,24,7,6,6,5,
1,cpu1_L2C,144,24,7,6,6,5,
1,cpu1_L2C,145,24,7,6,6,5,
1,cpu1_L2C,146,24,7,6,6,5,
1,cpu1_L2C,147,24,7,6,6,5,
1,cpu1_L2C,148,24,7,6,6,5,
1,cpu1_L2C,149,24,7,6,6,5,
1,cpu1_L2C,150,24,7,6,6,5,
1,cpu1_L2C,151,24,7,6,6,5,
1,cpu1_L2C,152,24,7,6,6,5,
1,cpu1_L2C,153,24,7,6,6,5,
1,cpu1_L2C,154,24,7,6,6,5,
1,cpu1_L2C,155,24,7,6,6,5,
1,cpu1_L2C,156,24,7,6,6,5,
1,cpu1_L2C,157,24,7,6,6,5,
1,cpu1_L2C,158,24,7,6,6,5,
1,cpu1_L2C,159,24,7,6,6,5,
1,cpu1_L2C,160,24,7,6,6,5,
1,cpu1_L2C,161,24,7,6,6,5,
1,cpu1_L2C,162,24,7,6,6,5,
1,cpu1_L2C,163,24,7,6,6,5,
1,cpu1_L2C,164,24,7,6,6,5,
1,cpu1_L2C,165,24,7,6,6,5,
1,cpu1_L2C,166,24,7,6,6,5,
1,cpu1_L2C,167,24,7,6,6,5,
1,cpu1_L2C,168,24,7,6,6,5,
1,cpu1_L2C,169,26,7,7,6,6,
1,cpu1_L2C,170,26,7,7,6,6,
1,cpu1_L2C,171,26,7,7,6,6,
1,cpu1_L2C,172,26,7,7,6,6,
1,cpu1_L2C,173,26,6,8,6,6,
1,cpu1_L2C,174,26,6,8,6,6,
1,cpu1_L2C,175,26,6,8,6,6,
1,cpu1_L2C,176,26,6,8,6,6,
1,cpu1_L2C,177,26,6,8,6,6,
1,cpu1_L2C,178,26,6,8,6,6,
1,cpu1_L2C,179,26,6,8,6,6,
1,cpu1_L2C,180,26,6,8,6,6,
1,cpu1_L2C,181,26,6,8,6,6,
1,cpu1_L2C,182,27,7,6,8,6,
1,cpu1_L2C,183,27,7,6,8,6,
1,cpu1_L2C,184,27,7,6,8,6,
1,cpu1_L2C,185,27,7,6,8,6,
1,cpu1_L2C,186,26,6,8,6,6,
1,cpu1_L2C,187,26,6,8,6,6,
1,cpu1_L2C,188,26,6,8,6,6,
1,cpu1_L2C,189,26,6,8,6,6,
1,cpu1_L2C,190,26,6,8,6,6,
1,cpu1_L2C,191,26,6,8,6,6,
1,cpu1_L2C,192,25,6,5,8,6,
1,cpu1_L2C,193,24,5,8,6,5,
1,cpu1_L2C,194,24,7,6,6,5,
1,cpu1_L2C,195,24,8,5,6,5,
1,cpu1_L2C,196,24,8,5,6,5,
1,cpu1_L2C,197,24,8,5,6,5,
1,cpu1_L2C,198,24,8,5,6,5,
1,cpu1_L2C,199,24,8,5,6,5,
1,cpu1_L2C,200,24,8,5,6,5,
1,cpu1_L2C,201,24,8,5,6,5,
1,cpu1_L2C,202,24,8,5,6,5,
1,cpu1_L2C,203,24,8,5,6,5,
1,cpu1_L2C,204,24,8,5,6,5,
1,cpu1_L2C,205,24,8,5,6,5,
1,cpu1_L2C,206,24,8,5,6,5,
1,cpu1_L2C,207,24,8,5,6,5,
1,cpu1_L2C,208,24,8,5,6,5,
1,cpu1_L2C,209,24,8,5,6,5,
1,cpu1_L2C,210,24,8,5,6,5,
1,cpu1_L2C,211,25,9,5,6,5,
1,cpu1_L2C,212,26,9,7,5,5,
1,cpu1_L2C,213,24,8,6,5,5,
1,cpu1_L2C,214,25,9,6,5,5,
1,cpu1_L2C,215,24,8,6,5,5,
1,cpu1_L2C,216,24,8,6,5,5,
1,cpu1_L2C,217,24,8,6,5,5,
1,cpu1_L2C,218,24,8,6,5,5,
1,cpu1_L2C,219,24,8,6,5,5,
1,cpu1_L2C,220,24,8,6,5,5,
1,cpu1_L2C,221,24,8,6,5,5,
1,cpu1_L2C,222,24,8,6,5,5,
1,cpu1_L2C,223,24,8,6,5,5,
1,cpu1_L2C,224,24,8,6,5,5,
1,cpu1_L2C,225,24,8,6,5,5,
1,cpu1_L2C,226,24,8,6,5,5,
1,cpu1_L2C,227,24,8,6,5,5,
1,cpu1_L2C,228,24,8,6,5,5,
1,cpu1_L2C,229,24,8,6,5,5,
1,cpu1_L2C,230,24,8,6,5,5,
1,cpu1_L2C,231,24,8,6,5,5,
1,cpu1_L2C,232,24,8,6,5,5,
1,cpu1_L2C,233,24,8,6,5,5,
1,cpu1_L2C,234,24,8,6,5,5,
1,cpu1_L2C,235,24,8,6,5,5,
1,cpu1_L2C,236,24,8,6,5,5,
1,cpu1_L2C,237,24,8,6,5,5,
1,cpu1_L2C,238,24,8,6,5,5,
1,cpu1_L2C,239,24,8,6,5,5,
1,cpu1_L2C,240,24,8,6,5,5,
1,cpu1_L2C,241,24,8,6,5,5,
1,cpu1_L2C,242,24,8,6,5,5,
1,cpu1_L2C,243,24,8,6,5,5,
1,cpu1_L2C,244,26,8,8,5,5,
1,cpu1_L2C,245,24,8,6,5,5,
1,cpu1_L2C,246,24,8,6,5,5,
1,cpu1_L2C,247,25,8,7,5,5,
1,cpu1_L2C,248,24,8,6,5,5,
1,cpu1_L2C,249,24,8,6,5,5,
1,cpu1_L2C,250,24,8,6,5,5,
1,cpu1_L2C,251,24,8,6,5,5,
1,cpu1_L2C,252,24,8,6,5,5,
1,cpu1_L2C,253,24,8,6,5,5,
1,cpu1_L2C,254,24,8,6,5,5,
1,cpu1_L2C,255,24,8,6,5,5,
1,cpu1_L2C,256,20,6,6,4,4,
1,cpu1_L2C,257,20,6,6,4,4,
1,cpu1_L2C,258,20,6,6,4,4,
1,cpu1_L2C,259,20,6,6,4,4,
1,cpu1_L2C,260,20,6,6,4,4,
1,cpu1_L2C,261,20,6,6,4,4,
1,cpu1_L2C,262,20,6,6,4,4,
1,cpu1_L2C,263,20,6,6,4,4,
1,cpu1_L2C,264,20,6,6,4,4,
1,cpu1_L2C,265,20,6,6,4,4,
1,cpu1_L2C,266,20,6,6,4,4,
1,cpu1_L2C,267,20,6,6,4,4,
1,cpu1_L2C,268,20,6,6,4,4,
1,cpu1_L2C,269,20,6,6,4,4,
1,cpu1_L2C,270,20,6,6,4,4,
1,cpu1_L2C,271,20,6,6,4,4,
1,cpu1_L2C,272,20,6,6,4,4,
1,cpu1_L2C,273,20,6,6,4,4,
1,cpu1_L2C,274,20,6,6,4,4,
1,cpu1_L2C,275,20,6,6,4,4,
1,cpu1_L2C,276,20,6,6,4,4,
1,cpu1_L2C,277,20,6,6,4,4,
1,cpu1_L2C,278,20,6,6,4,4,
1,cpu1_L2C,279,20,6,6,4,4,
1,cpu1_L2C,280,20,6,6,4,4,
1,cpu1_L2C,281,20,6,6,4,4,
1,cpu1_L2C,282,20,6,6,4,4,
1,cpu1_L2C,283,20,6,6,4,4,
1,cpu1_L2C,284,20,6,6,4,4,
1,cpu1_L2C,285,20,6,6,4,4,
1,cpu1_L2C,286,20,6,6,4,4,
1,cpu1_L2C,287,20,6,6,4,4,
1,cpu1_L2C,288,20,6,6,4,4,
1,cpu1_L2C,289,20,6,6,4,4,
1,cpu1_L2C,290,20,6,6,4,4,
1,cpu1_L2C,291,20,6,6,4,4,
1,cpu1_L2C,292,20,6,6,4,4,
1,cpu1_L2C,293,20,6,6,4,4,
1,cpu1_L2C,294,20,6,6,4,4,
1,cpu1_L2C,295,20,6,6,4,4,
1,cpu1_L2C,296,20,6,6,4,4,
1,cpu1_L2C,297,20,6,6,4,4,
1,cpu1_L2C,298,20,6,6,4,4,
1,cpu1_L2C,299,20,6,6,4,4,
1,cpu1_L2C,300,22,6,6,6,4,
1,cpu1_L2C,301,22,6,6,6,4,
1,cpu1_L2C,302,22,6,6,6,4,
1,cpu1_L2C,303,22,6,6,6,4,
1,cpu1_L2C,304,22,6,6,6,4,
1,cpu1_L2C,305,22,6,6,6,4,
1,cpu1_L2C,306,22,6,6,6,4,
1,cpu1_L2C,307,22,6,6,6,4,
1,cpu1_L2C,308,22,6,6,6,4,
1,cpu1_L2C,309,22,6,6,6,4,
1,cpu1_L2C,310,22,6,6,6,4,
1,cpu1_L2C,311,22,6,6,6,4,
1,cpu1_L2C,312,22,6,6,6,4,
1,cpu1_L2C,313,22,6,6,6,4,
1,cpu1_L2C,314,22,6,6,6,4,
1,cpu1_L2C,315,22,6,6,6,4,
1,cpu1_L2C,316,22,6,6,6,4,
1,cpu1_L2C,317,22,6,6,6,4,
1,cpu1_L2C,318,22,6,6,6,4,
1,cpu1_L2C,319,22,6,6,6,4,
1,cpu1_L2C,320,26,7,7,6,6,
1,cpu1_L2C,321,25,7,6,6,6,
1,cpu1_L2C,322,25,7,6,6,6,
1,cpu1_L2C,323,25,7,6,6,6,
1,cpu1_L2C,324,25,7,6,6,6,
1,cpu1_L2C,325,25,7,6,6,6,
1,cpu1_L2C,326,25,7,6,6,6,
1,cpu1_L2C,327,25,7,6,6,6,
1,cpu1_L2C,328,25,7,6,6,6,
1,cpu1_L2C,329,25,7,6,6,6,
1,cpu1_L2C,330,25,7,6,6,6,
1,cpu1_L2C,331,25,7,6,6,6,
1,cpu1_L2C,332,25,7,6,6,6,
1,cpu1_L2C,333,25,7,6,6,6,
1,cpu1_L2C,334,25,7,6,6,6,
1,cpu1_L2C,335,25,7,6,6,6,
1,cpu1_L2C,336,25,7,6,6,6,
1,cpu1_L2C,337,25,7,6,6,6,
1,cpu1_L2C,338,26,7,7,6,6,
1,cpu1_L2C,339,25,7,6,6,6,
1,cpu1_L2C,340,69,43,9,8,9,
1,cpu1_L2C,341,63,38,9,8,8,
1,cpu1_L2C,342,65,40,9,8,8,
1,cpu1_L2C,343,68,42,9,8,9,
1,cpu1_L2C,344,52,27,9,8,8,
1,cpu1_L2C,345,39,14,9,8,8,
1,cpu1_L2C,346,39,14,9,8,8,
1,cpu1_L2C,347,34,10,7,8,8,
1,cpu1_L2C,348,33,11,7,8,6,
1,cpu1_L2C,349,29,10,7,8,6,
1,cpu1_L2C,350,32,8,7,8,8,
1,cpu1_L2C,351,37,13,9,8,8,
1,cpu1_L2C,352,34,11,7,8,6,
1,cpu1_L2C,353,35,13,7,8,8,
1,cpu1_L2C,354,29,9,7,8,6,
1,cpu1_L2C,355,29,8,7,8,6,
1,cpu1_L2C,356,29,8,7,8,6,
1,cpu1_L2C,357,39,14,8,8,8,
1,cpu1_L2C,358,39,15,8,8,8,
1,cpu1_L2C,359,31,10,7,8,5,
1,cpu1_L2C,360,31,11,7,8,5,
1,cpu1_L2C,361,32,11,8,8,5,
1,cpu1_L2C,362,37,15,7,8,8,
1,cpu1_L2C,363,36,12,9,8,8,
1,cpu1_L2C,364,40,15,8,8,8,
1,cpu1_L2C,365,30,8,5,8,8,
1,cpu1_L2C,366,30,9,5,8,8,
1,cpu1_L2C,367,41,18,9,8,8,
1,cpu1_L2C,368,40,15,9,8,8,
1,cpu1_L2C,369,31,7,7,8,8,
1,cpu1_L2C,370,31,8,7,8,8,
1,cpu1_L2C,371,31,8,7,8,8,
1,cpu1_L2C,372,64,9,36,11,9,
1,cpu1_L2C,373,63,3,36,12,12,
1,cpu1_L2C,374,47,1,20,14,12,
1,cpu1_L2C,375,48,7,15,14,12,
1,cpu1_L2C,376,31,9,5,8,7,
1,cpu1_L2C,377,36,11,5,8,12,
1,cpu1_L2C,378,39,17,7,8,8,
1,cpu1_L2C,379,59,34,1,13,12,
1,cpu1_L2C,380,42,17,9,8,8,
1,cpu1_L2C,381,42,16,5,8,12,
1,cpu1_L2C,382,45,21,1,11,12,
1,cpu1_L2C,383,42,18,9,8,8,
1,cpu1_L2C,384,20,6,6,4,4,
1,cpu1_L2C,385,22,3,8,6,5,
1,cpu1_L2C,386,22,5,6,6,5,
1,cpu1_L2C,387,22,3,8,6,5,
1,cpu1_L2C,388,20,6,6,4,4,
1,cpu1_L2C,389,21,3,6,6,6,
1,cpu1_L2C,390,20,6,6,4,4,
1,cpu1_L2C,391,22,3,8,6,5,
1,cpu1_L2C,392,20,6,6,4,4,
1,cpu1_L2C,393,20,6,6,4,4,
1,cpu1_L2C,394,20,6,6,4,4,
1,cpu1_L2C,395,20,6,6,4,4,
1,cpu1_L2C,396,22,5,6,5,6,
1,cpu1_L2C,397,22,3,8,6,5,
1,cpu1_L2C,398,22,5,6,5,6,
1,cpu1_L2C,399,20,6,6,4,4,
1,cpu1_L2C,400,22,3,8,6,5,
1,cpu1_L2C,401,22,5,6,5,6,
1,cpu1_L2C,402,22,3,8,6,5,
1,cpu1_L2C,403,20,6,6,4,4,
1,cpu1_L2C,404,20,6,6,4,4,
1,cpu1_L2C,405,20,6,6,4,4,
1,cpu1_L2C,406,20,6,6,4,4,
1,cpu1_L2C,407,20,6,6,4,4,
1,cpu1_L2C,408,20,6,6,4,4,
1,cpu1_L2C,409,20,6,6,4,4,
1,cpu1_L2C,410,20,6,6,4,4,
1,cpu1_L2C,411,20,6,6,4,4,
1,cpu1_L2C,412,20,6,6,4,4,
1,cpu1_L2C,413,20,6,6,4,4,
1,cpu1_L2C,414,20,6,6,4,4,
1,cpu1_L2C,415,20,6,6,4,4,
1,cpu1_L2C,416,20,6,6,4,4,
1,cpu1_L2C,417,20,6,6,4,4,
1,cpu1_L2C,418,21,5,6,6,4,
1,cpu1_L2C,419,21,5,6,6,4,
1,cpu1_L2C,420,21,5,6,6,4,
1,cpu1_L2C,421,21,5,6,6,4,
1,cpu1_L2C,422,21,5,6,6,4,
1,cpu1_L2C,423,21,5,6,6,4,
1,cpu1_L2C,424,21,5,6,6,4,
1,cpu1_L2C,425,21,5,6,6,4,
1,cpu1_L2C,426,21,5,6,6,4,
1,cpu1_L2C,427,21,5,6,6,4,
1,cpu1_L2C,428,21,5,6,6,4,
1,cpu1_L2C,429,21,5,6,6,4,
1,cpu1_L2C,430,21,5,6,6,4,
1,cpu1_L2C,431,21,5,6,6,4,
1,cpu1_L2C,432,21,5,6,6,4,
1,cpu1_L2C,433,21,5,6,6,4,
1,cpu1_L2C,434,22,5,5,6,6,
1,cpu1_L2C,435,21,5,6,6,4,
1,cpu1_L2C,436,21,5,6,6,4,
1,cpu1_L2C,437,21,5,6,6,4,
1,cpu1_L2C,438,21,5,6,6,4,
1,cpu1_L2C,439,21,5,6,6,4,
1,cpu1_L2C,440,21,5,6,6,4,
1,cpu1_L2C,441,21,5,6,6,4,
1,cpu1_L2C,442,21,5,6,6,4,
1,cpu1_L2C,443,21,5,6,6,4,
1,cpu1_L2C,444,21,5,6,6,4,
1,cpu1_L2C,445,21,5,6,6,4,
1,cpu1_L2C,446,21,5,6,6,4,
1,cpu1_L2C,447,21,5,6,6,4,
1,cpu1_L2C,448,32,6,9,7,7,
1,cpu1_L2C,449,32,9,9,7,7,
1,cpu1_L2C,450,32,9,9,7,7,
1,cpu1_L2C,451,32,9,9,7,7,
1,cpu1_L2C,452,32,10,9,9,5,
1,cpu1_L2C,453,32,9,9,9,5,
1,cpu1_L2C,454,32,9,9,9,5,
1,cpu1_L2C,455,32,9,9,9,5,
1,cpu1_L2C,456,32,9,9,9,5,
1,cpu1_L2C,457,32,9,9,9,5,
1,cpu1_L2C,458,32,9,9,9,5,
1,cpu1_L2C,459,32,9,9,9,5,
1,cpu1_L2C,460,36,11,9,8,10,
1,cpu1_L2C,461,36,9,9,8,10,
1,cpu1_L2C,462,32,7,9,9,5,
1,cpu1_L2C,463,37,10,8,9,10,
1,cpu1_L2C,464,33,9,9,10,5,
1,cpu1_L2C,465,33,9,9,10,5,
1,cpu1_L2C,466,57,30,11,8,10,
1,cpu1_L2C,467,91,58,6,12,15,
1,cpu1_L2C,468,42,13,9,9,10,
1,cpu1_L2C,469,41,14,9,8,10,
1,cpu1_L2C,470,40,13,9,8,10,
1,cpu1_L2C,471,40,12,10,8,10,
1,cpu1_L2C,472,41,12,9,10,10,
1,cpu1_L2C,473,33,7,9,9,8,
1,cpu1_L2C,474,35,9,8,7,10,
1,cpu1_L2C,475,40,12,11,8,10,
1,cpu1_L2C,476,38,10,11,8,9,
1,cpu1_L2C,477,29,8,7,7,8,
1,cpu1_L2C,478,29,7,7,7,8,
1,cpu1_L2C,479,37,11,8,6,10,
1,cpu1_L2C,480,41,13,11,8,10,
1,cpu1_L2C,481,42,13,11,8,10,
1,cpu1_L2C,482,29,10,7,5,8,
1,cpu1_L2C,483,29,9,7,5,8,
1,cpu1_L2C,484,29,9,7,5,8,
1,cpu1_L2C,485,43,14,11,8,10,
1,cpu1_L2C,486,43,14,11,8,10,
1,cpu1_L2C,487,44,14,9,8,13,
1,cpu1_L2C,488,42,13,9,8,12,
1,cpu1_L2C,489,42,13,9,8,12,
1,cpu1_L2C,490,44,15,11,8,10,
1,cpu1_L2C,491,40,10,11,8,10,
1,cpu1_L2C,492,44,16,11,8,10,
1,cpu1_L2C,493,41,12,9,8,12,
1,cpu1_L2C,494,43,14,9,8,12,
1,cpu1_L2C,495,40,11,10,8,10,
1,cpu1_L2C,496,39,11,10,8,10,
1,cpu1_L2C,497,46,17,9,8,13,
1,cpu1_L2C,498,48,17,9,8,14,
1,cpu1_L2C,499,46,16,9,8,13,
1,cpu1_L2C,500,65,36,11,8,10,
1,cpu1_L2C,501,66,36,12,8,10,
1,cpu1_L2C,502,48,19,11,8,10,
1,cpu1_L2C,503,50,18,9,13,10,
1,cpu1_L2C,504,52,19,9,8,16,
1,cpu1_L2C,505,29,9,7,5,8,
1,cpu1_L2C,506,43,14,11,8,10,
1,cpu1_L2C,507,55,25,12,8,10,
1,cpu1_L2C,508,47,17,9,11,10,
1,cpu1_L2C,509,30,9,9,7,5,
1,cpu1_L2C,510,30,9,9,7,5,
1,cpu1_L2C,511,31,6,9,9,7,
1,cpu1_L2C,512,14,4,4,4,2,
1,cpu1_L2C,513,14,4,4,4,2,
1,cpu1_L2C,514,14,4,4,4,2,
1,cpu1_L2C,515,14,4,4,4,2,
1,cpu1_L2C,516,14,4,4,4,2,
1,cpu1_L2C,517,14,4,4,4,2,
1,cpu1_L2C,518,14,4,4,4,2,
1,cpu1_L2C,519,14,4,4,4,2,
1,cpu1_L2C,520,14,4,4,4,2,
1,cpu1_L2C,521,14,4,4,4,2,
1,cpu1_L2C,522,14,4,4,4,2,
1,cpu1_L2C,523,14,4,4,4,2,
1,cpu1_L2C,524,14,4,4,4,2,
1,cpu1_L2C,525,14,4,4,4,2,
1,cpu1_L2C,526,14,4,4,4,2,
1,cpu1_L2C,527,14,4,4,4,2,
1,cpu1_L2C,528,14,4,4,4,2,
1,cpu1_L2C,529,14,4,4,4,2,
1,cpu1_L2C,530,14,4,4,4,2,
1,cpu1_L2C,531,14,4,4,4,2,
1,cpu1_L2C,532,14,4,4,4,2,
1,cpu1_L2C,533,14,4,4,4,2,
1,cpu1_L2C,534,14,4,4,4,2,
1,cpu1_L2C,535,14,4,4,4,2,
1,cpu1_L2C,536,14,4,4,4,2,
1,cpu1_L2C,537,15,1,6,4,4,
1,cpu1_L2C,538,14,4,4,4,2,
1,cpu1_L2C,539,14,4,4,4,2,
1,cpu1_L2C,540,14,4,4,4,2,
1,cpu1_L2C,541,14,4,4,4,2,
1,cpu1_L2C,542,14,4,4,4,2,
1,cpu1_L2C,543,14,4,4,4,2,
1,cpu1_L2C,544,14,4,4,4,2,
1,cpu1_L2C,545,14,4,4,4,2,
1,cpu1_L2C,546,14,4,4,4,2,
1,cpu1_L2C,547,14,4,4,4,2,
1,cpu1_L2C,548,14,4,4,4,2,
1,cpu1_L2C,549,14,4,4,4,2,
1,cpu1_L2C,550,14,4,4,4,2,
1,cpu1_L2C,551,14,4,4,4,2,
1,cpu1_L2C,552,14,4,4,4,2,
1,cpu1_L2C,553,14,4,4,4,2,
1,cpu1_L2C,554,14,4,4,4,2,
1,cpu1_L2C,555,14,4,4,4,2,
1,cpu1_L2C,556,14,4,4,4,2,
1,cpu1_L2C,557,14,4,4,4,2,
1,cpu1_L2C,558,14,4,4,4,2,
1,cpu1_L2C,559,14,4,4,4,2,
1,cpu1_L2C,560,14,4,4,4,2,
1,cpu1_L2C,561,14,4,4,4,2,
1,cpu1_L2C,562,15,3,4,4,4,
1,cpu1_L2C,563,15,3,4,4,4,
1,cpu1_L2C,564,14,4,4,4,2,
1,cpu1_L2C,565,14,4,4,4,2,
1,cpu1_L2C,566,15,3,4,4,4,
1,cpu1_L2C,567,14,4,4,4,2,
1,cpu1_L2C,568,14,4,4,4,2,
1,cpu1_L2C,569,15,3,4,4,4,
1,cpu1_L2C,570,15,3,4,4,4,
1,cpu1_L2C,571,14,4,4,4,2,
1,cpu1_L2C,572,14,4,4,4,2,
1,cpu1_L2C,573,14,4,4,4,2,
1,cpu1_L2C,574,14,4,4,4,2,
1,cpu1_L2C,575,14,4,4,4,2,
1,cpu1_L2C,576,17,5,4,4,4,
1,cpu1_L2C,577,17,5,4,4,4,
1,cpu1_L2C,578,18,5,5,4,4,
1,cpu1_L2C,579,17,5,4,4,4,
1,cpu1_L2C,580,18,5,5,4,4,
1,cpu1_L2C,581,18,5,5,4,4,
1,cpu1_L2C,582,17,5,4,4,4,
1,cpu1_L2C,583,17,5,4,4,4,
1,cpu1_L2C,584,17,5,4,4,4,
1,cpu1_L2C,585,18,5,5,4,4,
1,cpu1_L2C,586,19,5,5,5,4,
1,cpu1_L2C,587,18,5,5,4,4,
1,cpu1_L2C,588,18,5,5,4,4,
1,cpu1_L2C,589,18,5,5,4,4,
1,cpu1_L2C,590,18,5,5,4,4,
1,cpu1_L2C,591,18,5,5,4,4,
1,cpu1_L2C,592,17,5,4,4,4,
1,cpu1_L2C,593,17,5,4,4,4,
1,cpu1_L2C,594,20,7,1,7,5,
1,cpu1_L2C,595,21,7,1,8,5,
1,cpu1_L2C,596,19,5,5,5,4,
1,cpu1_L2C,597,19,5,5,5,4,
1,cpu1_L2C,598,19,5,5,5,4,
1,cpu1_L2C,599,21,7,4,6,4,
1,cpu1_L2C,600,20,6,1,8,5,
1,cpu1_L2C,601,18,5,5,4,4,
1,cpu1_L2C,602,18,5,5,4,4,
1,cpu1_L2C,603,18,5,5,4,4,
1,cpu1_L2C,604,18,5,5,4,4,
1,cpu1_L2C,605,17,5,4,4,4,
1,cpu1_L2C,606,17,5,4,4,4,
1,cpu1_L2C,607,18,5,5,4,4,
1,cpu1_L2C,608,18,5,5,4,4,
1,cpu1_L2C,609,18,5,5,4,4,
1,cpu1_L2C,610,17,5,4,4,4,
1,cpu1_L2C,611,18,5,5,4,4,
1,cpu1_L2C,612,17,5,4,4,4,
1,cpu1_L2C,613,18,5,5,4,4,
1,cpu1_L2C,614,18,5,5,4,4,
1,cpu1_L2C,615,19,5,5,5,4,
1,cpu1_L2C,616,19,5,5,5,4,
1,cpu1_L2C,617,19,5,5,5,4,
1,cpu1_L2C,618,19,5,5,5,4,
1,cpu1_L2C,619,19,5,5,5,4,
1,cpu1_L2C,620,19,5,5,5,4,
1,cpu1_L2C,621,18,5,5,4,4,
1,cpu1_L2C,622,18,5,5,4,4,
1,cpu1_L2C,623,17,5,4,4,4,
1,cpu1_L2C,624,17,5,4,4,4,
1,cpu1_L2C,625,17,5,4,4,4,
1,cpu1_L2C,626,17,5,4,4,4,
1,cpu1_L2C,627,17,5,4,4,4,
1,cpu1_L2C,628,20,5,6,5,4,
1,cpu1_L2C,629,19,5,5,5,4,
1,cpu1_L2C,630,19,5,5,5,4,
1,cpu1_L2C,631,19,5,5,5,4,
1,cpu1_L2C,632,18,5,5,4,4,
1,cpu1_L2C,633,17,5,4,4,4,
1,cpu1_L2C,634,17,5,4,4,4,
1,cpu1_L2C,635,18,5,5,4,4,
1,cpu1_L2C,636,18,5,5,4,4,
1,cpu1_L2C,637,19,5,5,5,4,
1,cpu1_L2C,638,20,5,6,5,4,
1,cpu1_L2C,639,18,5,5,4,4,
1,cpu1_L2C,640,25,6,7,6,6,
1,cpu1_L2C,641,25,6,7,6,6,
1,cpu1_L2C,642,25,5,8,6,6,
1,cpu1_L2C,643,25,5,8,6,6,
1,cpu1_L2C,644,25,5,8,6,6,
1,cpu1_L2C,645,25,5,8,6,6,
1,cpu1_L2C,646,25,5,8,6,6,
1,cpu1_L2C,647,25,5,8,6,6,
1,cpu1_L2C,648,25,5,8,6,6,
1,cpu1_L2C,649,25,5,8,6,6,
1,cpu1_L2C,650,27,7,7,6,7,
1,cpu1_L2C,651,25,5,8,6,6,
1,cpu1_L2C,652,25,5,8,6,6,
1,cpu1_L2C,653,27,9,2,9,7,
1,cpu1_L2C,654,25,5,8,6,6,
1,cpu1_L2C,655,25,5,8,6,6,
1,cpu1_L2C,656,25,5,8,6,6,
1,cpu1_L2C,657,25,5,8,6,6,
1,cpu1_L2C,658,44,20,9,7,8,
1,cpu1_L2C,659,38,14,9,7,8,
1,cpu1_L2C,660,38,14,9,7,8,
1,cpu1_L2C,661,35,12,8,7,8,
1,cpu1_L2C,662,35,12,8,7,8,
1,cpu1_L2C,663,35,12,8,7,8,
1,cpu1_L2C,664,24,4,8,6,6,
1,cpu1_L2C,665,24,4,8,6,6,
1,cpu1_L2C,666,23,6,6,6,5,
1,cpu1_L2C,667,24,1,8,7,8,
1,cpu1_L2C,668,22,6,6,6,4,
1,cpu1_L2C,669,22,6,6,6,4,
1,cpu1_L2C,670,22,6,6,6,4,
1,cpu1_L2C,671,22,6,6,6,4,
1,cpu1_L2C,672,22,6,6,6,4,
1,cpu1_L2C,673,22,6,6,6,4,
1,cpu1_L2C,674,22,6,6,6,4,
1,cpu1_L2C,675,22,6,6,6,4,
1,cpu1_L2C,676,22,6,6,6,4,
1,cpu1_L2C,677,22,6,6,6,4,
1,cpu1_L2C,678,22,6,6,6,4,
1,cpu1_L2C,679,22,6,6,6,4,
1,cpu1_L2C,680,23,6,6,6,5,
1,cpu1_L2C,681,22,6,6,6,4,
1,cpu1_L2C,682,23,6,6,6,5,
1,cpu1_L2C,683,23,6,6,6,5,
1,cpu1_L2C,684,22,6,6,6,4,
1,cpu1_L2C,685,22,6,6,6,4,
1,cpu1_L2C,686,22,6,6,6,4,
1,cpu1_L2C,687,22,6,6,6,4,
1,cpu1_L2C,688,22,6,6,6,4,
1,cpu1_L2C,689,22,6,6,6,4,
1,cpu1_L2C,690,23,8,6,6,3,
1,cpu1_L2C,691,22,6,6,6,4,
1,cpu1_L2C,692,22,5,6,6,5,
1,cpu1_L2C,693,22,5,6,6,5,
1,cpu1_L2C,694,22,5,6,6,5,
1,cpu1_L2C,695,22,5,6,6,5,
1,cpu1_L2C,696,22,5,6,6,5,
1,cpu1_L2C,697,22,5,6,6,5,
1,cpu1_L2C,698,22,5,6,6,5,
1,cpu1_L2C,699,22,5,6,6,5,
1,cpu1_L2C,700,22,5,6,6,5,
1,cpu1_L2C,701,22,5,6,6,5,
1,cpu1_L2C,702,22,5,6,6,5,
1,cpu1_L2C,703,22,5,6,6,5,
1,cpu1_L2C,704,25,7,7,6,5,
1,cpu1_L2C,705,25,7,7,6,5,
1,cpu1_L2C,706,26,6,7,7,6,
1,cpu1_L2C,707,25,7,7,6,5,
1,cpu1_L2C,708,25,6,7,6,6,
1,cpu1_L2C,709,25,6,7,6,6,
1,cpu1_L2C,710,25,6,7,6,6,
1,cpu1_L2C,711,26,7,6,7,6,
1,cpu1_L2C,712,25,6,7,6,6,
1,cpu1_L2C,713,25,6,7,6,6,
1,cpu1_L2C,714,26,7,6,7,6,
1,cpu1_L2C,715,25,6,7,6,6,
1,cpu1_L2C,716,25,6,7,6,6,
1,cpu1_L2C,717,26,7,6,7,6,
1,cpu1_L2C,718,26,7,6,7,6,
1,cpu1_L2C,719,27,8,9,9,1,
1,cpu1_L2C,720,26,7,6,7,6,
1,cpu1_L2C,721,26,7,6,7,6,
1,cpu1_L2C,722,27,5,8,5,9,
1,cpu1_L2C,723,25,6,7,6,6,
1,cpu1_L2C,724,27,7,6,7,7,
1,cpu1_L2C,725,25,6,7,6,6,
1,cpu1_L2C,726,25,6,7,6,6,
1,cpu1_L2C,727,25,6,7,6,6,
1,cpu1_L2C,728,25,6,7,6,6,
1,cpu1_L2C,729,25,6,7,6,6,
1,cpu1_L2C,730,25,6,7,6,6,
1,cpu1_L2C,731,25,6,7,6,6,
1,cpu1_L2C,732,26,7,6,7,6,
1,cpu1_L2C,733,25,6,7,6,6,
1,cpu1_L2C,734,25,6,7,6,6,
1,cpu1_L2C,735,25,6,7,6,6,
1,cpu1_L2C,736,25,6,7,6,6,
1,cpu1_L2C,737,25,6,7,6,6,
1,cpu1_L2C,738,25,6,7,6,6,
1,cpu1_L2C,739,25,6,7,6,6,
1,cpu1_L2C,740,25,6,7,6,6,
1,cpu1_L2C,741,25,6,7,6,6,
1,cpu1_L2C,742,25,6,7,6,6,
1,cpu1_L2C,743,25,6,7,6,6,
1,cpu1_L2C,744,25,6,7,6,6,
1,cpu1_L2C,745,25,6,7,6,6,
1,cpu1_L2C,746,25,6,7,6,6,
1,cpu1_L2C,747,25,6,7,6,6,
1,cpu1_L2C,748,25,6,7,6,6,
1,cpu1_L2C,749,25,6,7,6,6,
1,cpu1_L2C,750,25,6,7,6,6,
1,cpu1_L2C,751,25,6,7,6,6,
1,cpu1_L2C,752,24,7,6,6,5,
1,cpu1_L2C,753,24,7,6,6,5,
1,cpu1_L2C,754,24,7,6,6,5,
1,cpu1_L2C,755,24,6,6,6,6,
1,cpu1_L2C,756,27,6,7,7,7,
1,cpu1_L2C,757,25,7,6,6,6,
1,cpu1_L2C,758,24,6,6,6,6,
1,cpu1_L2C,759,25,6,7,6,6,
1,cpu1_L2C,760,24,6,6,6,6,
1,cpu1_L2C,761,24,6,6,6,6,
1,cpu1_L2C,762,24,6,6,6,6,
1,cpu1_L2C,763,24,6,6,6,6,
1,cpu1_L2C,764,24,6,6,6,6,
1,cpu1_L2C,765,25,7,6,6,6,
1,cpu1_L2C,766,23,6,6,6,5,
1,cpu1_L2C,767,23,6,6,6,5,
1,cpu1_L2C,768,21,5,6,6,4,
1,cpu1_L2C,769,22,5,6,6,5,
1,cpu1_L2C,770,22,5,6,6,5,
1,cpu1_L2C,771,22,5,6,6,5,
1,cpu1_L2C,772,22,5,6,6,5,
1,cpu1_L2C,773,22,5,6,6,5,
1,cpu1_L2C,774,22,5,6,6,5,
1,cpu1_L2C,775,22,5,6,6,5,
1,cpu1_L2C,776,22,5,6,6,5,
1,cpu1_L2C,777,22,5,6,6,5,
1,cpu1_L2C,778,22,5,6,6,5,
1,cpu1_L2C,779,22,5,6,6,5,
1,cpu1_L2C,780,22,5,6,6,5,
1,cpu1_L2C,781,22,5,6,6,5,
1,cpu1_L2C,782,22,5,6,6,5,
1,cpu1_L2C,783,22,5,6,6,5,
1,cpu1_L2C,784,22,5,6,6,5,
1,cpu1_L2C,785,22,5,8,6,3,
1,cpu1_L2C,786,22,5,8,6,3,
1,cpu1_L2C,787,21,6,6,6,3,
1,cpu1_L2C,788,21,6,6,6,3,
1,cpu1_L2C,789,21,6,6,6,3,
1,cpu1_L2C,790,21,6,6,6,3,
1,cpu1_L2C,791,21,6,6,6,3,
1,cpu1_L2C,792,21,6,6,6,3,
1,cpu1_L2C,793,21,5,7,6,3,
1,cpu1_L2C,794,21,6,6,6,3,
1,cpu1_L2C,795,21,6,6,6,3,
1,cpu1_L2C,796,21,6,6,6,3,
1,cpu1_L2C,797,21,6,6,6,3,
1,cpu1_L2C,798,21,6,6,6,3,
1,cpu1_L2C,799,21,6,6,6,3,
1,cpu1_L2C,800,21,6,6,6,3,
1,cpu1_L2C,801,21,6,6,6,3,
1,cpu1_L2C,802,21,6,6,6,3,
1,cpu1_L2C,803,21,5,6,6,4,
1,cpu1_L2C,804,21,5,6,6,4,
1,cpu1_L2C,805,21,5,6,6,4,
1,cpu1_L2C,806,21,5,6,6,4,
1,cpu1_L2C,807,21,5,6,6,4,
1,cpu1_L2C,808,21,5,6,6,4,
1,cpu1_L2C,809,21,5,6,6,4,
1,cpu1_L2C,810,21,5,6,6,4,
1,cpu1_L2C,811,21,5,6,6,4,
1,cpu1_L2C,812,21,5,6,6,4,
1,cpu1_L2C,813,21,5,6,6,4,
1,cpu1_L2C,814,21,5,6,6,4,
1,cpu1_L2C,815,21,5,6,6,4,
1,cpu1_L2C,816,21,5,6,6,4,
1,cpu1_L2C,817,21,5,6,6,4,
1,cpu1_L2C,818,21,5,7,6,3,
1,cpu1_L2C,819,21,6,6,6,3,
1,cpu1_L2C,820,21,6,6,6,3,
1,cpu1_L2C,821,21,6,6,6,3,
1,cpu1_L2C,822,21,6,6,6,3,
1,cpu1_L2C,823,21,6,6,6,3,
1,cpu1_L2C,824,21,6,6,6,3,
1,cpu1_L2C,825,21,6,6,6,3,
1,cpu1_L2C,826,21,6,6,6,3,
1,cpu1_L2C,827,21,6,6,6,3,
1,cpu1_L2C,828,21,6,6,6,3,
1,cpu1_L2C,829,21,6,6,6,3,
1,cpu1_L2C,830,21,6,6,6,3,
1,cpu1_L2C,831,21,6,6,6,3,
1,cpu1_L2C,832,24,5,8,6,5,
1,cpu1_L2C,833,23,8,6,5,4,
1,cpu1_L2C,834,23,8,6,5,4,
1,cpu1_L2C,835,23,8,6,5,4,
1,cpu1_L2C,836,23,8,6,5,4,
1,cpu1_L2C,837,23,8,6,5,4,
1,cpu1_L2C,838,23,8,6,5,4,
1,cpu1_L2C,839,23,8,6,5,4,
1,cpu1_L2C,840,23,8,6,5,4,
1,cpu1_L2C,841,23,8,6,5,4,
1,cpu1_L2C,842,23,8,6,5,4,
1,cpu1_L2C,843,23,8,6,5,4,
1,cpu1_L2C,844,23,8,6,5,4,
1,cpu1_L2C,845,23,8,6,5,4,
1,cpu1_L2C,846,23,8,6,5,4,
1,cpu1_L2C,847,23,8,6,5,4,
1,cpu1_L2C,848,23,8,6,5,4,
1,cpu1_L2C,849,23,7,6,5,5,
1,cpu1_L2C,850,23,7,6,5,5,
1,cpu1_L2C,851,23,7,6,5,5,
1,cpu1_L2C,852,23,7,6,5,5,
1,cpu1_L2C,853,23,7,6,5,5,
1,cpu1_L2C,854,23,7,6,5,5,
1,cpu1_L2C,855,23,7,6,5,5,
1,cpu1_L2C,856,23,7,6,5,5,
1,cpu1_L2C,857,23,8,6,5,4,
1,cpu1_L2C,858,23,8,6,5,4,
1,cpu1_L2C,859,23,7,6,5,5,
1,cpu1_L2C,860,23,7,6,5,5,
1,cpu1_L2C,861,23,8,6,5,4,
1,cpu1_L2C,862,23,8,6,5,4,
1,cpu1_L2C,863,23,8,6,5,4,
1,cpu1_L2C,864,23,7,6,5,5,
1,cpu1_L2C,865,23,7,6,5,5,
1,cpu1_L2C,866,23,7,6,5,5,
1,cpu1_L2C,867,23,7,6,5,5,
1,cpu1_L2C,868,23,7,6,5,5,
1,cpu1_L2C,869,23,7,6,5,5,
1,cpu1_L2C,870,23,7,6,5,5,
1,cpu1_L2C,871,23,7,6,5,5,
1,cpu1_L2C,872,23,7,6,5,5,
1,cpu1_L2C,873,23,7,6,5,5,
1,cpu1_L2C,874,23,7,6,5,5,
1,cpu1_L2C,875,23,7,6,5,5,
1,cpu1_L2C,876,23,7,6,5,5,
1,cpu1_L2C,877,23,7,6,5,5,
1,cpu1_L2C,878,23,7,6,5,5,
1,cpu1_L2C,879,23,7,6,5,5,
1,cpu1_L2C,880,23,7,6,5,5,
1,cpu1_L2C,881,23,7,6,5,5,
1,cpu1_L2C,882,23,7,6,5,5,
1,cpu1_L2C,883,23,7,6,5,5,
1,cpu1_L2C,884,23,8,6,5,4,
1,cpu1_L2C,885,23,8,6,5,4,
1,cpu1_L2C,886,23,8,6,5,4,
1,cpu1_L2C,887,23,8,6,5,4,
1,cpu1_L2C,888,23,8,6,5,4,
1,cpu1_L2C,889,24,1,6,9,8,
1,cpu1_L2C,890,23,8,6,5,4,
1,cpu1_L2C,891,23,8,6,5,4,
1,cpu1_L2C,892,23,8,6,5,4,
1,cpu1_L2C,893,23,8,6,5,4,
1,cpu1_L2C,894,23,8,6,5,4,
1,cpu1_L2C,895,23,8,6,5,4,
1,cpu1_L2C,896,23,6,6,6,5,
1,cpu1_L2C,897,23,6,6,6,5,
1,cpu1_L2C,898,23,6,6,6,5,
1,cpu1_L2C,899,23,6,6,6,5,
1,cpu1_L2C,900,23,6,6,6,5,
1,cpu1_L2C,901,23,6,6,6,5,
1,cpu1_L2C,902,23,6,6,6,5,
1,cpu1_L2C,903,23,6,6,6,5,
1,cpu1_L2C,904,23,6,6,6,5,
1,cpu1_L2C,905,23,6,6,6,5,
1,cpu1_L2C,906,23,6,6,6,5,
1,cpu1_L2C,907,23,6,6,6,5,
1,cpu1_L2C,908,23,6,6,6,5,
1,cpu1_L2C,909,23,6,6,6,5,
1,cpu1_L2C,910,23,6,6,6,5,
1,cpu1_L2C,911,23,6,6,6,5,
1,cpu1_L2C,912,23,6,6,6,5,
1,cpu1_L2C,913,23,6,6,6,5,
1,cpu1_L2C,914,23,6,6,6,5,
1,cpu1_L2C,915,23,6,6,6,5,
1,cpu1_L2C,916,23,6,6,6,5,
1,cpu1_L2C,917,23,6,6,6,5,
1,cpu1_L2C,918,23,6,6,6,5,
1,cpu1_L2C,919,23,6,6,6,5,
1,cpu1_L2C,920,23,6,6,6,5,
1,cpu1_L2C,921,22,6,6,6,4,
1,cpu1_L2C,922,21,6,6,5,4,
1,cpu1_L2C,923,22,6,6,6,4,
1,cpu1_L2C,924,21,6,6,5,4,
1,cpu1_L2C,925,21,6,6,5,4,
1,cpu1_L2C,926,21,6,6,5,4,
1,cpu1_L2C,927,21,6,6,5,4,
1,cpu1_L2C,928,21,6,6,5,4,
1,cpu1_L2C,929,21,6,6,5,4,
1,cpu1_L2C,930,21,6,6,5,4,
1,cpu1_L2C,931,21,6,6,5,4,
1,cpu1_L2C,932,21,6,6,5,4,
1,cpu1_L2C,933,21,6,6,5,4,
1,cpu1_L2C,934,21,6,6,5,4,
1,cpu1_L2C,935,21,6,6,5,4,
1,cpu1_L2C,936,21,6,6,5,4,
1,cpu1_L2C,937,21,6,6,5,4,
1,cpu1_L2C,938,21,6,6,5,4,
1,cpu1_L2C,939,21,6,6,5,4,
1,cpu1_L2C,940,21,6,6,5,4,
1,cpu1_L2C,941,21,6,6,5,4,
1,cpu1_L2C,942,21,6,6,5,4,
1,cpu1_L2C,943,21,6,6,5,4,
1,cpu1_L2C,944,21,6,6,5,4,
1,cpu1_L2C,945,21,6,6,5,4,
1,cpu1_L2C,946,21,6,6,5,4,
1,cpu1_L2C,947,21,6,6,5,4,
1,cpu1_L2C,948,21,6,6,5,4,
1,cpu1_L2C,949,21,6,6,5,4,
1,cpu1_L2C,950,21,6,6,5,4,
1,cpu1_L2C,951,21,6,6,5,4,
1,cpu1_L2C,952,21,6,6,5,4,
1,cpu1_L2C,953,21,6,6,5,4,
1,cpu1_L2C,954,21,6,6,5,4,
1,cpu1_L2C,955,21,6,6,5,4,
1,cpu1_L2C,956,21,6,6,5,4,
1,cpu1_L2C,957,21,6,6,5,4,
1,cpu1_L2C,958,21,6,6,5,4,
1,cpu1_L2C,959,21,6,6,5,4,
1,cpu1_L2C,960,37,9,9,10,9,
1,cpu1_L2C,961,36,9,10,9,8,
1,cpu1_L2C,962,36,9,10,9,8,
1,cpu1_L2C,963,36,9,10,9,8,
1,cpu1_L2C,964,36,9,10,9,8,
1,cpu1_L2C,965,36,9,10,9,8,
1,cpu1_L2C,966,36,9,10,9,8,
1,cpu1_L2C,967,36,9,10,9,8,
1,cpu1_L2C,968,36,9,10,9,8,
1,cpu1_L2C,969,36,9,10,9,8,
1,cpu1_L2C,970,35,10,9,8,8,
1,cpu1_L2C,971,35,10,9,8,8,
1,cpu1_L2C,972,35,10,9,8,8,
1,cpu1_L2C,973,35,10,9,8,8,
1,cpu1_L2C,974,35,10,9,8,8,
1,cpu1_L2C,975,35,10,9,8,8,
1,cpu1_L2C,976,36,9,10,9,8,
1,cpu1_L2C,977,36,9,10,9,8,
1,cpu1_L2C,978,38,10,7,10,11,
1,cpu1_L2C,979,41,10,6,13,12,
1,cpu1_L2C,980,42,10,12,11,9,
1,cpu1_L2C,981,37,9,9,10,9,
1,cpu1_L2C,982,38,1,13,12,12,
1,cpu1_L2C,983,37,9,10,9,9,
1,cpu1_L2C,984,36,9,10,9,8,
1,cpu1_L2C,985,36,9,10,9,8,
1,cpu1_L2C,986,36,9,10,9,8,
1,cpu1_L2C,987,36,9,10,9,8,
1,cpu1_L2C,988,36,9,10,9,8,
1,cpu1_L2C,989,36,9,10,9,8,
1,cpu1_L2C,990,36,9,10,9,8,
1,cpu1_L2C,991,36,9,10,9,8,
1,cpu1_L2C,992,35,10,9,8,8,
1,cpu1_L2C,993,35,10,9,8,8,
1,cpu1_L2C,994,35,10,9,8,8,
1,cpu1_L2C,995,35,10,9,8,8,
1,cpu1_L2C,996,35,10,9,8,8,
1,cpu1_L2C,997,36,9,10,9,8,
1,cpu1_L2C,998,36,9,10,9,8,
1,cpu1_L2C,999,35,10,9,8,8,
1,cpu1_L2C,1000,35,10,9,8,8,
1,cpu1_L2C,1001,35,10,9,8,8,
1,cpu1_L2C,1002,35,10,9,8,8,
1,cpu1_L2C,1003,35,10,9,8,8,
1,cpu1_L2C,1004,35,10,9,8,8,
1,cpu1_L2C,1005,35,10,9,8,8,
1,cpu1_L2C,1006,35,10,9,8,8,
1,cpu1_L2C,1007,35,10,9,8,8,
1,cpu1_L2C,1008,35,10,9,8,8,
1,cpu1_L2C,1009,35,10,9,8,8,
1,cpu1_L2C,1010,35,10,9,8,8,
1,cpu1_L2C,1011,35,10,9,8,8,
1,cpu1_L2C,1012,35,10,9,8,8,
1,cpu1_L2C,1013,35,10,9,8,8,
1,cpu1_L2C,1014,35,10,9,8,8,
1,cpu1_L2C,1015,35,10,9,8,8,
1,cpu1_L2C,1016,36,10,9,9,8,
1,cpu1_L2C,1017,35,10,9,8,8,
1,cpu1_L2C,1018,35,10,9,8,8,
1,cpu1_L2C,1019,36,10,9,9,8,
1,cpu1_L2C,1020,35,10,9,8,8,
1,cpu1_L2C,1021,36,9,10,9,8,
1,cpu1_L2C,1022,37,9,10,9,9,
1,cpu1_L2C,1023,36,9,10,9,8,
