0,cpu0_L1I,0,1,1,0,0,0,
0,cpu0_L1I,1,2,1,1,0,0,
0,cpu0_L1I,2,2,1,1,0,0,
0,cpu0_L1I,3,1,1,0,0,0,
0,cpu0_L1I,4,2,1,1,0,0,
0,cpu0_L1I,5,3,1,1,1,0,
0,cpu0_L1I,6,1,1,0,0,0,
0,cpu0_L1I,7,2,1,1,0,0,
0,cpu0_L1I,8,1,1,0,0,0,
0,cpu0_L1I,9,3,1,1,1,0,
0,cpu0_L1I,10,4,1,1,1,1,
0,cpu0_L1I,11,4,1,1,1,1,
0,cpu0_L1I,12,4,1,1,1,1,
0,cpu0_L1I,13,4,1,1,1,1,
0,cpu0_L1I,14,4,1,1,1,1,
0,cpu0_L1I,15,4,1,1,1,1,
0,cpu0_L1I,16,3,1,1,1,0,
0,cpu0_L1I,17,3,1,1,1,0,
0,cpu0_L1I,18,4,1,1,1,1,
0,cpu0_L1I,19,3,1,1,1,0,
0,cpu0_L1I,20,4,1,1,1,1,
0,cpu0_L1I,21,3,1,1,1,0,
0,cpu0_L1I,22,3,1,1,1,0,
0,cpu0_L1I,23,2,1,1,0,0,
0,cpu0_L1I,24,2,1,1,0,0,
0,cpu0_L1I,25,1,1,0,0,0,
0,cpu0_L1I,26,1,1,0,0,0,
0,cpu0_L1I,27,1,1,0,0,0,
0,cpu0_L1I,28,3,1,1,1,0,
0,cpu0_L1I,29,2,1,1,0,0,
0,cpu0_L1I,30,2,1,1,0,0,
0,cpu0_L1I,31,2,1,1,0,0,
0,cpu0_L1I,32,2,1,1,0,0,
0,cpu0_L1I,33,3,1,1,1,0,
0,cpu0_L1I,34,3,1,1,1,0,
0,cpu0_L1I,35,4,1,1,1,1,
0,cpu0_L1I,36,3,1,1,1,0,
0,cpu0_L1I,37,3,1,1,1,0,
0,cpu0_L1I,38,3,1,1,1,0,
0,cpu0_L1I,39,4,1,1,1,1,
0,cpu0_L1I,40,4,1,1,1,1,
0,cpu0_L1I,41,3,1,1,1,0,
0,cpu0_L1I,42,3,1,1,1,0,
0,cpu0_L1I,43,3,1,1,1,0,
0,cpu0_L1I,44,3,1,1,1,0,
0,cpu0_L1I,45,4,1,1,1,1,
0,cpu0_L1I,46,4,1,1,1,1,
0,cpu0_L1I,47,2,1,1,0,0,
0,cpu0_L1I,48,1,1,0,0,0,
0,cpu0_L1I,49,1,1,0,0,0,
0,cpu0_L1I,50,2,1,1,0,0,
0,cpu0_L1I,51,2,1,1,0,0,
0,cpu0_L1I,52,2,1,1,0,0,
0,cpu0_L1I,53,3,1,1,1,0,
0,cpu0_L1I,54,4,1,1,1,1,
0,cpu0_L1I,55,3,1,1,1,0,
0,cpu0_L1I,56,2,1,1,0,0,
0,cpu0_L1I,57,4,1,1,1,1,
0,cpu0_L1I,58,3,1,1,1,0,
0,cpu0_L1I,59,2,1,1,0,0,
0,cpu0_L1I,60,2,1,1,0,0,
0,cpu0_L1I,61,2,1,1,0,0,
0,cpu0_L1I,62,3,1,1,1,0,
0,cpu0_L1I,63,3,1,1,1,0,
0,cpu0_L1I,64,3,1,1,1,0,
0,cpu0_L1I,65,2,1,1,0,0,
0,cpu0_L1I,66,3,1,1,1,0,
0,cpu0_L1I,67,3,1,1,1,0,
0,cpu0_L1I,68,3,1,1,1,0,
0,cpu0_L1I,69,2,1,1,0,0,
0,cpu0_L1I,70,3,1,1,1,0,
0,cpu0_L1I,71,3,1,1,1,0,
0,cpu0_L1I,72,3,1,1,1,0,
0,cpu0_L1I,73,2,1,1,0,0,
0,cpu0_L1I,74,2,1,1,0,0,
0,cpu0_L1I,75,1,1,0,0,0,
0,cpu0_L1I,76,1,1,0,0,0,
0,cpu0_L1I,77,2,1,1,0,0,
0,cpu0_L1I,78,2,1,1,0,0,
0,cpu0_L1I,79,2,1,1,0,0,
0,cpu0_L1I,80,3,1,1,1,0,
0,cpu0_L1I,81,3,1,1,1,0,
0,cpu0_L1I,82,3,1,1,1,0,
0,cpu0_L1I,83,3,1,1,1,0,
0,cpu0_L1I,84,3,1,1,1,0,
0,cpu0_L1I,85,3,1,1,1,0,
0,cpu0_L1I,86,3,1,1,1,0,
0,cpu0_L1I,87,3,1,1,1,0,
0,cpu0_L1I,88,3,1,1,1,0,
0,cpu0_L1I,89,3,1,1,1,0,
0,cpu0_L1I,90,3,1,1,1,0,
0,cpu0_L1I,91,3,1,1,1,0,
0,cpu0_L1I,92,3,1,1,1,0,
0,cpu0_L1I,93,2,1,1,0,0,
0,cpu0_L1I,94,2,1,1,0,0,
0,cpu0_L1I,95,2,1,1,0,0,
0,cpu0_L1I,96,1,1,0,0,0,
0,cpu0_L1I,97,1,1,0,0,0,
0,cpu0_L1I,98,1,1,0,0,0,
0,cpu0_L1I,99,1,1,0,0,0,
0,cpu0_L1I,100,1,1,0,0,0,
0,cpu0_L1I,101,2,1,1,0,0,
0,cpu0_L1I,102,2,1,1,0,0,
0,cpu0_L1I,103,1,1,0,0,0,
0,cpu0_L1I,104,1,1,0,0,0,
0,cpu0_L1I,105,1,1,0,0,0,
0,cpu0_L1I,106,1,1,0,0,0,
0,cpu0_L1I,107,1,1,0,0,0,
0,cpu0_L1I,108,1,1,0,0,0,
0,cpu0_L1I,109,1,1,0,0,0,
0,cpu0_L1I,110,1,1,0,0,0,
0,cpu0_L1I,111,1,1,0,0,0,
0,cpu0_L1I,112,1,1,0,0,0,
0,cpu0_L1I,113,1,1,0,0,0,
0,cpu0_L1I,114,1,1,0,0,0,
0,cpu0_L1I,115,1,1,0,0,0,
0,cpu0_L1I,116,1,1,0,0,0,
0,cpu0_L1I,117,1,1,0,0,0,
0,cpu0_L1I,118,1,1,0,0,0,
0,cpu0_L1I,119,1,1,0,0,0,
0,cpu0_L1I,120,1,1,0,0,0,
0,cpu0_L1I,121,1,1,0,0,0,
0,cpu0_L1I,122,1,1,0,0,0,
0,cpu0_L1I,123,1,1,0,0,0,
0,cpu0_L1I,124,1,1,0,0,0,
0,cpu0_L1I,125,2,1,1,0,0,
0,cpu0_L1I,126,1,1,0,0,0,
0,cpu0_L1I,127,1,1,0,0,0,
