0,cpu0_L2C,0,20,4,5,6,5,
0,cpu0_L2C,1,20,5,6,6,3,
0,cpu0_L2C,2,20,5,6,6,3,
0,cpu0_L2C,3,20,5,6,6,3,
0,cpu0_L2C,4,20,6,5,6,3,
0,cpu0_L2C,5,20,6,5,6,3,
0,cpu0_L2C,6,20,6,5,6,3,
0,cpu0_L2C,7,20,6,5,6,3,
0,cpu0_L2C,8,20,6,5,6,3,
0,cpu0_L2C,9,20,6,5,6,3,
0,cpu0_L2C,10,21,4,6,5,6,
0,cpu0_L2C,11,21,4,6,5,6,
0,cpu0_L2C,12,21,4,6,5,6,
0,cpu0_L2C,13,21,4,6,5,6,
0,cpu0_L2C,14,21,4,6,5,6,
0,cpu0_L2C,15,21,4,6,5,6,
0,cpu0_L2C,16,21,4,6,5,6,
0,cpu0_L2C,17,21,4,6,5,6,
0,cpu0_L2C,18,21,4,6,5,6,
0,cpu0_L2C,19,22,7,4,6,5,
0,cpu0_L2C,20,21,4,6,5,6,
0,cpu0_L2C,21,20,4,6,5,5,
0,cpu0_L2C,22,20,4,6,5,5,
0,cpu0_L2C,23,20,6,5,6,3,
0,cpu0_L2C,24,20,6,5,6,3,
0,cpu0_L2C,25,19,6,5,5,3,
0,cpu0_L2C,26,19,6,5,5,3,
0,cpu0_L2C,27,19,6,5,5,3,
0,cpu0_L2C,28,20,4,5,6,5,
0,cpu0_L2C,29,19,5,6,5,3,
0,cpu0_L2C,30,19,5,6,5,3,
0,cpu0_L2C,31,20,4,5,6,5,
0,cpu0_L2C,32,19,5,6,5,3,
0,cpu0_L2C,33,20,4,5,6,5,
0,cpu0_L2C,34,20,4,5,6,5,
0,cpu0_L2C,35,20,4,5,6,5,
0,cpu0_L2C,36,20,4,5,6,5,
0,cpu0_L2C,37,20,4,5,6,5,
0,cpu0_L2C,38,20,4,5,6,5,
0,cpu0_L2C,39,20,4,5,6,5,
0,cpu0_L2C,40,20,4,5,6,5,
0,cpu0_L2C,41,19,5,6,5,3,
0,cpu0_L2C,42,19,5,6,5,3,
0,cpu0_L2C,43,19,5,6,5,3,
0,cpu0_L2C,44,19,5,6,5,3,
0,cpu0_L2C,45,20,4,5,6,5,
0,cpu0_L2C,46,20,4,5,6,5,
0,cpu0_L2C,47,19,5,6,5,3,
0,cpu0_L2C,48,19,5,6,5,3,
0,cpu0_L2C,49,19,5,6,5,3,
0,cpu0_L2C,50,19,5,6,5,3,
0,cpu0_L2C,51,19,5,6,5,3,
0,cpu0_L2C,52,19,5,6,5,3,
0,cpu0_L2C,53,19,5,6,5,3,
0,cpu0_L2C,54,19,5,6,5,3,
0,cpu0_L2C,55,19,5,6,5,3,
0,cpu0_L2C,56,19,5,6,5,3,
0,cpu0_L2C,57,20,4,5,6,5,
0,cpu0_L2C,58,20,4,5,6,5,
0,cpu0_L2C,59,20,4,5,6,5,
0,cpu0_L2C,60,19,5,6,5,3,
0,cpu0_L2C,61,19,5,6,5,3,
0,cpu0_L2C,62,20,4,5,6,5,
0,cpu0_L2C,63,20,4,5,6,5,
0,cpu0_L2C,64,13,4,4,4,1,
0,cpu0_L2C,65,13,4,4,4,1,
0,cpu0_L2C,66,13,4,4,4,1,
0,cpu0_L2C,67,13,4,4,4,1,
0,cpu0_L2C,68,13,4,4,4,1,
0,cpu0_L2C,69,13,4,4,4,1,
0,cpu0_L2C,70,13,4,4,4,1,
0,cpu0_L2C,71,13,4,4,4,1,
0,cpu0_L2C,72,13,4,4,4,1,
0,cpu0_L2C,73,13,4,4,4,1,
0,cpu0_L2C,74,13,4,4,4,1,
0,cpu0_L2C,75,13,4,4,4,1,
0,cpu0_L2C,76,13,4,4,4,1,
0,cpu0_L2C,77,13,4,4,4,1,
0,cpu0_L2C,78,14,4,4,5,1,
0,cpu0_L2C,79,13,4,4,4,1,
0,cpu0_L2C,80,13,4,4,4,1,
0,cpu0_L2C,81,13,4,4,4,1,
0,cpu0_L2C,82,13,4,4,4,1,
0,cpu0_L2C,83,13,4,4,4,1,
0,cpu0_L2C,84,14,4,4,5,1,
0,cpu0_L2C,85,14,5,4,4,1,
0,cpu0_L2C,86,14,5,4,4,1,
0,cpu0_L2C,87,13,4,4,4,1,
0,cpu0_L2C,88,13,4,4,4,1,
0,cpu0_L2C,89,13,4,4,4,1,
0,cpu0_L2C,90,13,4,4,4,1,
0,cpu0_L2C,91,13,4,4,4,1,
0,cpu0_L2C,92,13,4,4,4,1,
0,cpu0_L2C,93,13,4,4,4,1,
0,cpu0_L2C,94,13,4,4,4,1,
0,cpu0_L2C,95,13,4,4,4,1,
0,cpu0_L2C,96,13,4,4,4,1,
0,cpu0_L2C,97,13,4,4,4,1,
0,cpu0_L2C,98,13,4,4,4,1,
0,cpu0_L2C,99,13,4,4,4,1,
0,cpu0_L2C,100,13,4,4,4,1,
0,cpu0_L2C,101,13,4,4,4,1,
0,cpu0_L2C,102,13,4,4,4,1,
0,cpu0_L2C,103,13,4,4,4,1,
0,cpu0_L2C,104,13,4,4,4,1,
0,cpu0_L2C,105,13,4,4,4,1,
0,cpu0_L2C,106,14,4,4,5,1,
0,cpu0_L2C,107,13,4,4,4,1,
0,cpu0_L2C,108,13,4,4,4,1,
0,cpu0_L2C,109,13,4,4,4,1,
0,cpu0_L2C,110,13,4,4,4,1,
0,cpu0_L2C,111,13,4,4,4,1,
0,cpu0_L2C,112,13,4,4,4,1,
0,cpu0_L2C,113,13,4,4,4,1,
0,cpu0_L2C,114,14,5,4,4,1,
0,cpu0_L2C,115,13,4,4,4,1,
0,cpu0_L2C,116,13,4,4,4,1,
0,cpu0_L2C,117,13,4,4,4,1,
0,cpu0_L2C,118,13,4,4,4,1,
0,cpu0_L2C,119,13,4,4,4,1,
0,cpu0_L2C,120,13,4,4,4,1,
0,cpu0_L2C,121,13,4,4,4,1,
0,cpu0_L2C,122,13,4,4,4,1,
0,cpu0_L2C,123,13,4,4,4,1,
0,cpu0_L2C,124,13,4,4,4,1,
0,cpu0_L2C,125,13,4,4,4,1,
0,cpu0_L2C,126,13,4,4,4,1,
0,cpu0_L2C,127,13,4,4,4,1,
0,cpu0_L2C,128,23,6,5,6,6,
0,cpu0_L2C,129,22,5,6,6,5,
0,cpu0_L2C,130,22,5,6,6,5,
0,cpu0_L2C,131,22,5,6,6,5,
0,cpu0_L2C,132,22,5,6,6,5,
0,cpu0_L2C,133,22,5,6,6,5,
0,cpu0_L2C,134,22,5,6,6,5,
0,cpu0_L2C,135,22,5,6,6,5,
0,cpu0_L2C,136,22,5,6,6,5,
0,cpu0_L2C,137,22,5,6,6,5,
0,cpu0_L2C,138,22,5,6,6,5,
0,cpu0_L2C,139,22,5,6,6,5,
0,cpu0_L2C,140,22,5,6,6,5,
0,cpu0_L2C,141,22,5,6,6,5,
0,cpu0_L2C,142,22,5,6,6,5,
0,cpu0_L2C,143,22,5,6,6,5,
0,cpu0_L2C,144,22,5,6,6,5,
0,cpu0_L2C,145,22,5,6,6,5,
0,cpu0_L2C,146,22,5,6,6,5,
0,cpu0_L2C,147,22,5,6,6,5,
0,cpu0_L2C,148,22,5,6,6,5,
0,cpu0_L2C,149,21,5,6,6,4,
0,cpu0_L2C,150,21,5,6,6,4,
0,cpu0_L2C,151,21,5,6,6,4,
0,cpu0_L2C,152,21,5,6,6,4,
0,cpu0_L2C,153,21,5,6,6,4,
0,cpu0_L2C,154,21,5,6,6,4,
0,cpu0_L2C,155,21,5,6,6,4,
0,cpu0_L2C,156,21,5,6,6,4,
0,cpu0_L2C,157,21,5,6,6,4,
0,cpu0_L2C,158,21,5,6,6,4,
0,cpu0_L2C,159,21,5,6,6,4,
0,cpu0_L2C,160,21,5,6,6,4,
0,cpu0_L2C,161,21,5,6,6,4,
0,cpu0_L2C,162,21,5,6,6,4,
0,cpu0_L2C,163,21,5,6,6,4,
0,cpu0_L2C,164,21,5,6,6,4,
0,cpu0_L2C,165,21,5,6,6,4,
0,cpu0_L2C,166,21,5,6,6,4,
0,cpu0_L2C,167,21,5,6,6,4,
0,cpu0_L2C,168,21,5,6,6,4,
0,cpu0_L2C,169,21,5,6,6,4,
0,cpu0_L2C,170,21,5,6,6,4,
0,cpu0_L2C,171,21,5,6,6,4,
0,cpu0_L2C,172,21,5,6,6,4,
0,cpu0_L2C,173,21,5,6,6,4,
0,cpu0_L2C,174,21,5,6,6,4,
0,cpu0_L2C,175,21,5,6,6,4,
0,cpu0_L2C,176,21,5,6,6,4,
0,cpu0_L2C,177,21,5,6,6,4,
0,cpu0_L2C,178,21,5,6,6,4,
0,cpu0_L2C,179,21,5,6,6,4,
0,cpu0_L2C,180,23,7,5,6,5,
0,cpu0_L2C,181,23,7,5,6,5,
0,cpu0_L2C,182,23,7,5,6,5,
0,cpu0_L2C,183,23,3,7,8,5,
0,cpu0_L2C,184,23,3,7,8,5,
0,cpu0_L2C,185,23,3,7,8,5,
0,cpu0_L2C,186,21,5,6,6,4,
0,cpu0_L2C,187,23,7,5,6,5,
0,cpu0_L2C,188,21,5,6,6,4,
0,cpu0_L2C,189,23,3,7,8,5,
0,cpu0_L2C,190,23,7,5,5,6,
0,cpu0_L2C,191,21,5,6,6,4,
0,cpu0_L2C,192,27,6,5,8,8,
0,cpu0_L2C,193,27,6,5,8,8,
0,cpu0_L2C,194,27,6,5,8,8,
0,cpu0_L2C,195,27,6,5,8,8,
0,cpu0_L2C,196,27,6,7,6,8,
0,cpu0_L2C,197,27,6,7,6,8,
0,cpu0_L2C,198,27,6,7,6,8,
0,cpu0_L2C,199,27,6,7,6,8,
0,cpu0_L2C,200,27,6,7,6,8,
0,cpu0_L2C,201,27,6,8,5,8,
0,cpu0_L2C,202,26,7,6,8,5,
0,cpu0_L2C,203,26,7,6,8,5,
0,cpu0_L2C,204,26,7,6,8,5,
0,cpu0_L2C,205,26,7,6,8,5,
0,cpu0_L2C,206,28,6,7,8,5,
0,cpu0_L2C,207,26,9,6,8,5,
0,cpu0_L2C,208,27,6,7,6,8,
0,cpu0_L2C,209,28,7,6,7,7,
0,cpu0_L2C,210,54,10,28,9,8,
0,cpu0_L2C,211,53,9,27,9,8,
0,cpu0_L2C,212,54,9,28,9,8,
0,cpu0_L2C,213,54,9,28,9,8,
0,cpu0_L2C,214,54,9,28,9,8,
0,cpu0_L2C,215,53,9,27,9,8,
0,cpu0_L2C,216,27,6,7,6,8,
0,cpu0_L2C,217,28,6,7,7,8,
0,cpu0_L2C,218,26,7,6,8,5,
0,cpu0_L2C,219,27,9,1,9,8,
0,cpu0_L2C,220,26,7,6,8,5,
0,cpu0_L2C,221,26,7,6,8,5,
0,cpu0_L2C,222,26,7,6,8,5,
0,cpu0_L2C,223,26,7,6,8,5,
0,cpu0_L2C,224,25,6,8,5,6,
0,cpu0_L2C,225,25,6,8,5,6,
0,cpu0_L2C,226,25,6,8,5,6,
0,cpu0_L2C,227,25,6,8,5,6,
0,cpu0_L2C,228,25,6,8,5,6,
0,cpu0_L2C,229,26,7,6,8,5,
0,cpu0_L2C,230,26,7,6,8,5,
0,cpu0_L2C,231,25,6,8,5,6,
0,cpu0_L2C,232,25,6,8,5,6,
0,cpu0_L2C,233,25,6,8,5,6,
0,cpu0_L2C,234,25,6,8,5,6,
0,cpu0_L2C,235,25,6,8,5,6,
0,cpu0_L2C,236,25,6,8,5,6,
0,cpu0_L2C,237,25,6,8,5,6,
0,cpu0_L2C,238,25,6,8,5,6,
0,cpu0_L2C,239,25,6,8,5,6,
0,cpu0_L2C,240,25,6,8,5,6,
0,cpu0_L2C,241,25,7,7,5,6,
0,cpu0_L2C,242,26,8,7,5,6,
0,cpu0_L2C,243,25,7,7,5,6,
0,cpu0_L2C,244,25,7,7,5,6,
0,cpu0_L2C,245,25,7,7,5,6,
0,cpu0_L2C,246,25,7,7,5,6,
0,cpu0_L2C,247,25,7,7,5,6,
0,cpu0_L2C,248,25,7,7,5,6,
0,cpu0_L2C,249,25,7,7,5,6,
0,cpu0_L2C,250,25,7,7,5,6,
0,cpu0_L2C,251,25,7,7,5,6,
0,cpu0_L2C,252,25,7,7,5,6,
0,cpu0_L2C,253,26,7,7,7,5,
0,cpu0_L2C,254,26,7,7,7,5,
0,cpu0_L2C,255,26,7,7,7,5,
0,cpu0_L2C,256,28,9,8,6,5,
0,cpu0_L2C,257,27,8,6,5,8,
0,cpu0_L2C,258,27,8,6,5,8,
0,cpu0_L2C,259,27,8,8,5,6,
0,cpu0_L2C,260,27,8,8,5,6,
0,cpu0_L2C,261,27,8,8,5,6,
0,cpu0_L2C,262,27,8,8,5,6,
0,cpu0_L2C,263,27,8,8,5,6,
0,cpu0_L2C,264,27,8,8,5,6,
0,cpu0_L2C,265,27,8,8,5,6,
0,cpu0_L2C,266,27,8,8,5,6,
0,cpu0_L2C,267,27,8,8,5,6,
0,cpu0_L2C,268,27,8,8,5,6,
0,cpu0_L2C,269,27,8,8,5,6,
0,cpu0_L2C,270,27,8,8,5,6,
0,cpu0_L2C,271,27,8,8,5,6,
0,cpu0_L2C,272,27,8,8,5,6,
0,cpu0_L2C,273,27,8,8,5,6,
0,cpu0_L2C,274,27,8,8,5,6,
0,cpu0_L2C,275,27,8,8,5,6,
0,cpu0_L2C,276,27,8,8,5,6,
0,cpu0_L2C,277,27,8,8,5,6,
0,cpu0_L2C,278,27,8,8,5,6,
0,cpu0_L2C,279,27,8,8,5,6,
0,cpu0_L2C,280,27,8,8,5,6,
0,cpu0_L2C,281,26,8,8,5,5,
0,cpu0_L2C,282,26,8,8,4,6,
0,cpu0_L2C,283,26,8,8,4,6,
0,cpu0_L2C,284,25,8,7,4,6,
0,cpu0_L2C,285,25,8,7,4,6,
0,cpu0_L2C,286,25,8,7,4,6,
0,cpu0_L2C,287,25,8,7,4,6,
0,cpu0_L2C,288,25,8,7,4,6,
0,cpu0_L2C,289,25,8,7,4,6,
0,cpu0_L2C,290,25,8,7,5,5,
0,cpu0_L2C,291,25,8,7,4,6,
0,cpu0_L2C,292,25,8,7,5,5,
0,cpu0_L2C,293,25,8,7,5,5,
0,cpu0_L2C,294,25,8,7,5,5,
0,cpu0_L2C,295,25,8,7,5,5,
0,cpu0_L2C,296,25,8,7,5,5,
0,cpu0_L2C,297,25,8,7,5,5,
0,cpu0_L2C,298,25,8,7,5,5,
0,cpu0_L2C,299,25,8,7,5,5,
0,cpu0_L2C,300,27,7,8,7,5,
0,cpu0_L2C,301,27,7,8,7,5,
0,cpu0_L2C,302,27,7,8,7,5,
0,cpu0_L2C,303,27,7,8,7,5,
0,cpu0_L2C,304,27,7,8,7,5,
0,cpu0_L2C,305,27,7,8,7,5,
0,cpu0_L2C,306,27,7,8,7,5,
0,cpu0_L2C,307,27,7,8,7,5,
0,cpu0_L2C,308,28,7,8,8,5,
0,cpu0_L2C,309,28,7,8,8,5,
0,cpu0_L2C,310,28,7,8,8,5,
0,cpu0_L2C,311,28,7,8,8,5,
0,cpu0_L2C,312,28,7,8,8,5,
0,cpu0_L2C,313,28,7,8,8,5,
0,cpu0_L2C,314,27,7,8,7,5,
0,cpu0_L2C,315,28,7,8,8,5,
0,cpu0_L2C,316,27,7,8,7,5,
0,cpu0_L2C,317,28,7,8,8,5,
0,cpu0_L2C,318,28,7,8,8,5,
0,cpu0_L2C,319,27,7,8,7,5,
0,cpu0_L2C,320,25,7,6,6,6,
0,cpu0_L2C,321,24,6,6,6,6,
0,cpu0_L2C,322,25,7,6,6,6,
0,cpu0_L2C,323,25,7,6,6,6,
0,cpu0_L2C,324,25,7,6,6,6,
0,cpu0_L2C,325,25,7,6,6,6,
0,cpu0_L2C,326,25,7,6,6,6,
0,cpu0_L2C,327,26,7,6,6,7,
0,cpu0_L2C,328,25,7,6,6,6,
0,cpu0_L2C,329,24,6,6,6,6,
0,cpu0_L2C,330,25,7,6,6,6,
0,cpu0_L2C,331,24,6,6,6,6,
0,cpu0_L2C,332,24,6,6,6,6,
0,cpu0_L2C,333,25,7,6,6,6,
0,cpu0_L2C,334,26,7,7,6,6,
0,cpu0_L2C,335,25,7,6,6,6,
0,cpu0_L2C,336,25,7,6,6,6,
0,cpu0_L2C,337,26,7,7,6,6,
0,cpu0_L2C,338,25,7,6,6,6,
0,cpu0_L2C,339,25,7,6,6,6,
0,cpu0_L2C,340,26,7,7,6,6,
0,cpu0_L2C,341,26,7,6,7,6,
0,cpu0_L2C,342,26,7,7,6,6,
0,cpu0_L2C,343,25,7,6,6,6,
0,cpu0_L2C,344,25,7,6,6,6,
0,cpu0_L2C,345,25,7,6,6,6,
0,cpu0_L2C,346,25,7,6,6,6,
0,cpu0_L2C,347,25,7,6,6,6,
0,cpu0_L2C,348,25,7,6,6,6,
0,cpu0_L2C,349,25,7,6,6,6,
0,cpu0_L2C,350,25,7,6,6,6,
0,cpu0_L2C,351,25,7,6,6,6,
0,cpu0_L2C,352,25,7,6,6,6,
0,cpu0_L2C,353,25,7,6,6,6,
0,cpu0_L2C,354,25,7,6,6,6,
0,cpu0_L2C,355,25,7,6,6,6,
0,cpu0_L2C,356,25,7,6,6,6,
0,cpu0_L2C,357,25,7,6,6,6,
0,cpu0_L2C,358,25,7,6,6,6,
0,cpu0_L2C,359,25,7,6,6,6,
0,cpu0_L2C,360,25,7,6,6,6,
0,cpu0_L2C,361,25,7,6,6,6,
0,cpu0_L2C,362,25,7,6,6,6,
0,cpu0_L2C,363,25,7,6,6,6,
0,cpu0_L2C,364,25,7,6,6,6,
0,cpu0_L2C,365,25,7,6,6,6,
0,cpu0_L2C,366,25,7,6,6,6,
0,cpu0_L2C,367,25,7,6,6,6,
0,cpu0_L2C,368,25,7,6,6,6,
0,cpu0_L2C,369,25,7,6,6,6,
0,cpu0_L2C,370,26,7,7,6,6,
0,cpu0_L2C,371,25,7,6,6,6,
0,cpu0_L2C,372,25,7,6,6,6,
0,cpu0_L2C,373,25,7,6,6,6,
0,cpu0_L2C,374,25,7,6,6,6,
0,cpu0_L2C,375,25,7,6,6,6,
0,cpu0_L2C,376,25,7,6,6,6,
0,cpu0_L2C,377,25,7,6,6,6,
0,cpu0_L2C,378,25,7,6,6,6,
0,cpu0_L2C,379,25,7,6,6,6,
0,cpu0_L2C,380,25,7,6,6,6,
0,cpu0_L2C,381,25,7,6,6,6,
0,cpu0_L2C,382,24,6,6,6,6,
0,cpu0_L2C,383,24,6,6,6,6,
0,cpu0_L2C,384,15,4,3,4,4,
0,cpu0_L2C,385,15,4,3,4,4,
0,cpu0_L2C,386,15,4,3,4,4,
0,cpu0_L2C,387,15,4,3,4,4,
0,cpu0_L2C,388,15,4,4,3,4,
0,cpu0_L2C,389,15,4,4,3,4,
0,cpu0_L2C,390,15,4,4,3,4,
0,cpu0_L2C,391,15,4,4,3,4,
0,cpu0_L2C,392,15,4,4,3,4,
0,cpu0_L2C,393,15,4,4,3,4,
0,cpu0_L2C,394,15,4,4,3,4,
0,cpu0_L2C,395,15,4,4,3,4,
0,cpu0_L2C,396,15,4,4,3,4,
0,cpu0_L2C,397,15,4,4,3,4,
0,cpu0_L2C,398,15,4,4,3,4,
0,cpu0_L2C,399,15,4,4,3,4,
0,cpu0_L2C,400,15,4,4,3,4,
0,cpu0_L2C,401,15,4,4,3,4,
0,cpu0_L2C,402,15,4,4,3,4,
0,cpu0_L2C,403,15,4,4,3,4,
0,cpu0_L2C,404,15,4,4,3,4,
0,cpu0_L2C,405,15,4,4,3,4,
0,cpu0_L2C,406,15,4,4,3,4,
0,cpu0_L2C,407,15,4,4,3,4,
0,cpu0_L2C,408,15,4,4,3,4,
0,cpu0_L2C,409,15,4,4,3,4,
0,cpu0_L2C,410,15,4,4,3,4,
0,cpu0_L2C,411,15,4,4,3,4,
0,cpu0_L2C,412,15,4,4,3,4,
0,cpu0_L2C,413,15,4,4,3,4,
0,cpu0_L2C,414,15,4,4,3,4,
0,cpu0_L2C,415,15,4,4,3,4,
0,cpu0_L2C,416,15,4,4,3,4,
0,cpu0_L2C,417,15,4,4,3,4,
0,cpu0_L2C,418,15,4,4,3,4,
0,cpu0_L2C,419,15,4,4,3,4,
0,cpu0_L2C,420,15,4,4,3,4,
0,cpu0_L2C,421,15,4,4,3,4,
0,cpu0_L2C,422,15,4,4,3,4,
0,cpu0_L2C,423,15,4,4,3,4,
0,cpu0_L2C,424,15,4,4,3,4,
0,cpu0_L2C,425,15,4,4,3,4,
0,cpu0_L2C,426,15,4,4,3,4,
0,cpu0_L2C,427,15,4,4,3,4,
0,cpu0_L2C,428,15,4,4,3,4,
0,cpu0_L2C,429,15,4,4,3,4,
0,cpu0_L2C,430,15,4,4,3,4,
0,cpu0_L2C,431,15,4,4,3,4,
0,cpu0_L2C,432,15,4,4,3,4,
0,cpu0_L2C,433,15,4,4,3,4,
0,cpu0_L2C,434,15,4,4,3,4,
0,cpu0_L2C,435,15,4,4,3,4,
0,cpu0_L2C,436,15,4,4,3,4,
0,cpu0_L2C,437,15,4,4,3,4,
0,cpu0_L2C,438,16,5,4,4,3,
0,cpu0_L2C,439,16,5,4,4,3,
0,cpu0_L2C,440,16,5,4,4,3,
0,cpu0_L2C,441,16,5,4,4,3,
0,cpu0_L2C,442,15,4,4,3,4,
0,cpu0_L2C,443,15,4,4,3,4,
0,cpu0_L2C,444,15,4,4,3,4,
0,cpu0_L2C,445,15,4,4,3,4,
0,cpu0_L2C,446,15,4,4,3,4,
0,cpu0_L2C,447,16,5,4,4,3,
0,cpu0_L2C,448,32,8,8,8,8,
0,cpu0_L2C,449,32,8,8,8,8,
0,cpu0_L2C,450,32,8,8,8,8,
0,cpu0_L2C,451,33,8,9,8,8,
0,cpu0_L2C,452,32,8,8,8,8,
0,cpu0_L2C,453,32,8,8,8,8,
0,cpu0_L2C,454,32,8,8,8,8,
0,cpu0_L2C,455,32,8,8,8,8,
0,cpu0_L2C,456,32,8,8,8,8,
0,cpu0_L2C,457,32,8,8,8,8,
0,cpu0_L2C,458,32,8,8,8,8,
0,cpu0_L2C,459,32,8,8,8,8,
0,cpu0_L2C,460,32,8,8,8,8,
0,cpu0_L2C,461,33,9,8,8,8,
0,cpu0_L2C,462,34,8,9,9,8,
0,cpu0_L2C,463,32,8,8,8,8,
0,cpu0_L2C,464,32,8,8,8,8,
0,cpu0_L2C,465,32,7,9,8,8,
0,cpu0_L2C,466,32,7,9,8,8,
0,cpu0_L2C,467,32,7,9,8,8,
0,cpu0_L2C,468,69,37,10,12,10,
0,cpu0_L2C,469,70,38,10,12,10,
0,cpu0_L2C,470,74,41,11,12,10,
0,cpu0_L2C,471,52,20,10,12,10,
0,cpu0_L2C,472,56,17,17,12,10,
0,cpu0_L2C,473,56,17,17,12,10,
0,cpu0_L2C,474,46,16,9,11,10,
0,cpu0_L2C,475,49,17,10,12,10,
0,cpu0_L2C,476,43,11,10,12,9,
0,cpu0_L2C,477,39,10,10,12,7,
0,cpu0_L2C,478,40,13,7,11,10,
0,cpu0_L2C,479,45,14,10,11,10,
0,cpu0_L2C,480,45,13,10,12,9,
0,cpu0_L2C,481,45,14,10,12,9,
0,cpu0_L2C,482,38,12,6,12,7,
0,cpu0_L2C,483,38,13,6,12,7,
0,cpu0_L2C,484,38,13,6,12,7,
0,cpu0_L2C,485,45,15,10,12,10,
0,cpu0_L2C,486,45,13,10,12,10,
0,cpu0_L2C,487,40,8,10,12,10,
0,cpu0_L2C,488,52,20,10,12,10,
0,cpu0_L2C,489,41,9,10,12,10,
0,cpu0_L2C,490,63,29,11,13,10,
0,cpu0_L2C,491,53,16,15,12,10,
0,cpu0_L2C,492,45,13,10,12,10,
0,cpu0_L2C,493,37,11,6,11,7,
0,cpu0_L2C,494,37,13,6,11,7,
0,cpu0_L2C,495,46,16,10,12,10,
0,cpu0_L2C,496,46,13,11,12,10,
0,cpu0_L2C,497,38,8,10,12,7,
0,cpu0_L2C,498,47,16,10,12,10,
0,cpu0_L2C,499,38,8,10,12,7,
0,cpu0_L2C,500,47,16,10,12,10,
0,cpu0_L2C,501,46,14,10,12,10,
0,cpu0_L2C,502,45,13,10,12,10,
0,cpu0_L2C,503,46,14,10,12,10,
0,cpu0_L2C,504,37,6,9,11,10,
0,cpu0_L2C,505,37,7,9,11,10,
0,cpu0_L2C,506,45,14,10,12,10,
0,cpu0_L2C,507,45,13,10,12,10,
0,cpu0_L2C,508,45,13,10,12,10,
0,cpu0_L2C,509,45,13,10,12,10,
0,cpu0_L2C,510,46,14,10,12,10,
0,cpu0_L2C,511,50,18,10,12,10,
0,cpu0_L2C,512,18,6,4,4,4,
0,cpu0_L2C,513,18,6,4,4,4,
0,cpu0_L2C,514,19,5,6,4,4,
0,cpu0_L2C,515,18,6,4,4,4,
0,cpu0_L2C,516,18,6,4,4,4,
0,cpu0_L2C,517,18,6,4,4,4,
0,cpu0_L2C,518,18,6,4,4,4,
0,cpu0_L2C,519,18,6,4,4,4,
0,cpu0_L2C,520,18,6,4,4,4,
0,cpu0_L2C,521,18,6,4,4,4,
0,cpu0_L2C,522,19,5,6,4,4,
0,cpu0_L2C,523,18,6,4,4,4,
0,cpu0_L2C,524,18,6,4,4,4,
0,cpu0_L2C,525,18,6,4,4,4,
0,cpu0_L2C,526,18,6,4,4,4,
0,cpu0_L2C,527,19,1,6,6,6,
0,cpu0_L2C,528,18,6,4,4,4,
0,cpu0_L2C,529,18,6,4,4,4,
0,cpu0_L2C,530,18,6,4,4,4,
0,cpu0_L2C,531,18,6,4,4,4,
0,cpu0_L2C,532,18,6,4,4,4,
0,cpu0_L2C,533,18,6,4,4,4,
0,cpu0_L2C,534,18,6,4,4,4,
0,cpu0_L2C,535,18,6,4,4,4,
0,cpu0_L2C,536,18,6,4,4,4,
0,cpu0_L2C,537,18,6,4,4,4,
0,cpu0_L2C,538,17,5,4,4,4,
0,cpu0_L2C,539,17,5,4,4,4,
0,cpu0_L2C,540,17,5,4,4,4,
0,cpu0_L2C,541,17,5,4,4,4,
0,cpu0_L2C,542,17,5,4,4,4,
0,cpu0_L2C,543,17,5,4,4,4,
0,cpu0_L2C,544,17,5,4,4,4,
0,cpu0_L2C,545,17,5,4,4,4,
0,cpu0_L2C,546,17,5,4,4,4,
0,cpu0_L2C,547,17,5,4,4,4,
0,cpu0_L2C,548,17,5,4,4,4,
0,cpu0_L2C,549,17,5,4,4,4,
0,cpu0_L2C,550,17,5,4,4,4,
0,cpu0_L2C,551,17,5,4,4,4,
0,cpu0_L2C,552,17,5,4,4,4,
0,cpu0_L2C,553,17,5,4,4,4,
0,cpu0_L2C,554,17,5,4,4,4,
0,cpu0_L2C,555,17,5,4,4,4,
0,cpu0_L2C,556,17,5,4,4,4,
0,cpu0_L2C,557,17,5,4,4,4,
0,cpu0_L2C,558,17,5,4,4,4,
0,cpu0_L2C,559,17,5,4,4,4,
0,cpu0_L2C,560,17,5,4,4,4,
0,cpu0_L2C,561,17,5,4,4,4,
0,cpu0_L2C,562,17,5,4,4,4,
0,cpu0_L2C,563,17,5,4,4,4,
0,cpu0_L2C,564,17,5,4,4,4,
0,cpu0_L2C,565,17,5,4,4,4,
0,cpu0_L2C,566,17,5,4,4,4,
0,cpu0_L2C,567,17,5,4,4,4,
0,cpu0_L2C,568,17,5,4,4,4,
0,cpu0_L2C,569,18,6,4,4,4,
0,cpu0_L2C,570,17,5,4,4,4,
0,cpu0_L2C,571,17,5,4,4,4,
0,cpu0_L2C,572,17,5,4,4,4,
0,cpu0_L2C,573,17,5,4,4,4,
0,cpu0_L2C,574,17,5,4,4,4,
0,cpu0_L2C,575,17,5,4,4,4,
0,cpu0_L2C,576,33,10,7,8,8,
0,cpu0_L2C,577,35,9,7,9,10,
0,cpu0_L2C,578,34,1,12,9,12,
0,cpu0_L2C,579,35,9,7,9,10,
0,cpu0_L2C,580,33,10,8,7,8,
0,cpu0_L2C,581,33,10,8,7,8,
0,cpu0_L2C,582,33,10,8,7,8,
0,cpu0_L2C,583,34,1,12,12,9,
0,cpu0_L2C,584,33,10,8,7,8,
0,cpu0_L2C,585,33,10,8,7,8,
0,cpu0_L2C,586,33,10,8,7,8,
0,cpu0_L2C,587,33,10,8,7,8,
0,cpu0_L2C,588,34,1,12,12,9,
0,cpu0_L2C,589,35,6,7,12,10,
0,cpu0_L2C,590,34,1,12,12,9,
0,cpu0_L2C,591,33,10,8,7,8,
0,cpu0_L2C,592,35,6,7,12,10,
0,cpu0_L2C,593,34,1,12,12,9,
0,cpu0_L2C,594,36,11,6,7,12,
0,cpu0_L2C,595,34,9,10,8,7,
0,cpu0_L2C,596,35,8,10,9,8,
0,cpu0_L2C,597,35,9,11,8,7,
0,cpu0_L2C,598,34,1,12,12,9,
0,cpu0_L2C,599,33,10,8,7,8,
0,cpu0_L2C,600,33,10,8,7,8,
0,cpu0_L2C,601,33,10,8,7,8,
0,cpu0_L2C,602,33,10,8,7,8,
0,cpu0_L2C,603,33,10,8,7,8,
0,cpu0_L2C,604,33,10,8,7,8,
0,cpu0_L2C,605,33,10,8,7,8,
0,cpu0_L2C,606,33,10,8,7,8,
0,cpu0_L2C,607,33,10,8,7,8,
0,cpu0_L2C,608,33,10,8,7,8,
0,cpu0_L2C,609,33,10,8,7,8,
0,cpu0_L2C,610,33,10,8,7,8,
0,cpu0_L2C,611,33,10,8,7,8,
0,cpu0_L2C,612,33,10,8,7,8,
0,cpu0_L2C,613,33,10,8,7,8,
0,cpu0_L2C,614,33,10,8,7,8,
0,cpu0_L2C,615,33,10,8,7,8,
0,cpu0_L2C,616,33,10,8,7,8,
0,cpu0_L2C,617,33,10,8,7,8,
0,cpu0_L2C,618,34,10,8,7,9,
0,cpu0_L2C,619,33,10,8,7,8,
0,cpu0_L2C,620,33,10,8,7,8,
0,cpu0_L2C,621,33,10,8,7,8,
0,cpu0_L2C,622,33,10,8,7,8,
0,cpu0_L2C,623,33,10,8,7,8,
0,cpu0_L2C,624,33,10,8,7,8,
0,cpu0_L2C,625,33,10,8,7,8,
0,cpu0_L2C,626,34,11,8,7,8,
0,cpu0_L2C,627,33,10,8,7,8,
0,cpu0_L2C,628,33,10,8,8,7,
0,cpu0_L2C,629,33,10,8,8,7,
0,cpu0_L2C,630,33,10,8,8,7,
0,cpu0_L2C,631,33,10,8,8,7,
0,cpu0_L2C,632,33,10,8,8,7,
0,cpu0_L2C,633,33,10,8,8,7,
0,cpu0_L2C,634,33,10,8,8,7,
0,cpu0_L2C,635,33,10,8,8,7,
0,cpu0_L2C,636,33,10,8,8,7,
0,cpu0_L2C,637,33,10,8,8,7,
0,cpu0_L2C,638,33,10,8,8,7,
0,cpu0_L2C,639,33,10,8,8,7,
0,cpu0_L2C,640,20,6,6,4,4,
0,cpu0_L2C,641,20,6,6,4,4,
0,cpu0_L2C,642,20,6,6,4,4,
0,cpu0_L2C,643,20,6,6,4,4,
0,cpu0_L2C,644,21,5,6,6,4,
0,cpu0_L2C,645,21,5,6,6,4,
0,cpu0_L2C,646,20,6,6,4,4,
0,cpu0_L2C,647,20,6,6,4,4,
0,cpu0_L2C,648,20,6,6,4,4,
0,cpu0_L2C,649,21,5,6,6,4,
0,cpu0_L2C,650,21,5,6,6,4,
0,cpu0_L2C,651,21,5,6,6,4,
0,cpu0_L2C,652,21,5,6,6,4,
0,cpu0_L2C,653,21,5,6,6,4,
0,cpu0_L2C,654,21,5,6,6,4,
0,cpu0_L2C,655,21,5,6,6,4,
0,cpu0_L2C,656,20,6,6,4,4,
0,cpu0_L2C,657,20,6,6,4,4,
0,cpu0_L2C,658,21,5,6,6,4,
0,cpu0_L2C,659,21,5,6,6,4,
0,cpu0_L2C,660,21,5,6,6,4,
0,cpu0_L2C,661,21,5,6,6,4,
0,cpu0_L2C,662,21,5,6,6,4,
0,cpu0_L2C,663,21,5,6,6,4,
0,cpu0_L2C,664,21,5,6,6,4,
0,cpu0_L2C,665,23,6,6,6,5,
0,cpu0_L2C,666,20,6,6,4,4,
0,cpu0_L2C,667,20,6,6,4,4,
0,cpu0_L2C,668,20,6,6,4,4,
0,cpu0_L2C,669,20,6,6,4,4,
0,cpu0_L2C,670,20,6,6,4,4,
0,cpu0_L2C,671,20,6,6,4,4,
0,cpu0_L2C,672,20,6,6,4,4,
0,cpu0_L2C,673,20,6,6,4,4,
0,cpu0_L2C,674,20,6,6,4,4,
0,cpu0_L2C,675,21,5,6,6,4,
0,cpu0_L2C,676,20,6,6,4,4,
0,cpu0_L2C,677,20,6,6,4,4,
0,cpu0_L2C,678,20,6,6,4,4,
0,cpu0_L2C,679,21,5,6,6,4,
0,cpu0_L2C,680,21,5,6,6,4,
0,cpu0_L2C,681,21,5,6,6,4,
0,cpu0_L2C,682,21,5,6,6,4,
0,cpu0_L2C,683,21,5,6,6,4,
0,cpu0_L2C,684,21,5,6,6,4,
0,cpu0_L2C,685,21,5,6,6,4,
0,cpu0_L2C,686,21,5,6,6,4,
0,cpu0_L2C,687,20,6,6,4,4,
0,cpu0_L2C,688,20,6,6,4,4,
0,cpu0_L2C,689,20,6,6,4,4,
0,cpu0_L2C,690,21,5,6,6,4,
0,cpu0_L2C,691,21,5,6,6,4,
0,cpu0_L2C,692,21,5,6,6,4,
0,cpu0_L2C,693,21,5,6,6,4,
0,cpu0_L2C,694,22,5,5,6,6,
0,cpu0_L2C,695,21,5,6,6,4,
0,cpu0_L2C,696,20,6,6,4,4,
0,cpu0_L2C,697,21,5,6,6,4,
0,cpu0_L2C,698,21,5,6,6,4,
0,cpu0_L2C,699,20,6,6,4,4,
0,cpu0_L2C,700,21,5,6,6,4,
0,cpu0_L2C,701,21,5,6,6,4,
0,cpu0_L2C,702,21,5,6,6,4,
0,cpu0_L2C,703,21,5,6,6,4,
0,cpu0_L2C,704,21,5,6,6,4,
0,cpu0_L2C,705,21,5,6,6,4,
0,cpu0_L2C,706,21,5,6,6,4,
0,cpu0_L2C,707,21,5,6,6,4,
0,cpu0_L2C,708,21,6,5,6,4,
0,cpu0_L2C,709,21,6,5,6,4,
0,cpu0_L2C,710,21,6,5,6,4,
0,cpu0_L2C,711,21,6,5,6,4,
0,cpu0_L2C,712,21,6,5,6,4,
0,cpu0_L2C,713,21,6,5,6,4,
0,cpu0_L2C,714,22,1,8,7,6,
0,cpu0_L2C,715,21,6,5,6,4,
0,cpu0_L2C,716,21,6,5,6,4,
0,cpu0_L2C,717,22,1,8,7,6,
0,cpu0_L2C,718,21,6,5,6,4,
0,cpu0_L2C,719,21,6,5,6,4,
0,cpu0_L2C,720,21,6,5,6,4,
0,cpu0_L2C,721,21,6,5,6,4,
0,cpu0_L2C,722,21,6,5,6,4,
0,cpu0_L2C,723,21,6,5,6,4,
0,cpu0_L2C,724,21,6,5,6,4,
0,cpu0_L2C,725,22,6,5,7,4,
0,cpu0_L2C,726,21,6,5,6,4,
0,cpu0_L2C,727,21,6,5,6,4,
0,cpu0_L2C,728,21,6,5,6,4,
0,cpu0_L2C,729,21,6,5,6,4,
0,cpu0_L2C,730,21,6,5,6,4,
0,cpu0_L2C,731,21,6,5,6,4,
0,cpu0_L2C,732,21,6,5,6,4,
0,cpu0_L2C,733,21,6,5,6,4,
0,cpu0_L2C,734,21,6,5,6,4,
0,cpu0_L2C,735,21,6,5,6,4,
0,cpu0_L2C,736,21,6,5,6,4,
0,cpu0_L2C,737,21,6,5,6,4,
0,cpu0_L2C,738,21,6,5,6,4,
0,cpu0_L2C,739,21,6,5,6,4,
0,cpu0_L2C,740,21,6,5,6,4,
0,cpu0_L2C,741,21,6,5,6,4,
0,cpu0_L2C,742,21,6,5,6,4,
0,cpu0_L2C,743,21,6,5,6,4,
0,cpu0_L2C,744,21,6,5,6,4,
0,cpu0_L2C,745,21,6,5,6,4,
0,cpu0_L2C,746,21,6,5,6,4,
0,cpu0_L2C,747,21,6,5,6,4,
0,cpu0_L2C,748,21,6,5,6,4,
0,cpu0_L2C,749,21,6,5,6,4,
0,cpu0_L2C,750,21,6,5,6,4,
0,cpu0_L2C,751,21,6,5,6,4,
0,cpu0_L2C,752,21,6,5,6,4,
0,cpu0_L2C,753,21,6,5,6,4,
0,cpu0_L2C,754,21,6,5,6,4,
0,cpu0_L2C,755,21,6,5,6,4,
0,cpu0_L2C,756,21,6,5,6,4,
0,cpu0_L2C,757,21,6,5,6,4,
0,cpu0_L2C,758,21,6,5,6,4,
0,cpu0_L2C,759,21,6,5,6,4,
0,cpu0_L2C,760,21,6,5,6,4,
0,cpu0_L2C,761,21,6,5,6,4,
0,cpu0_L2C,762,21,6,5,6,4,
0,cpu0_L2C,763,21,6,5,6,4,
0,cpu0_L2C,764,21,6,5,6,4,
0,cpu0_L2C,765,21,6,5,6,4,
0,cpu0_L2C,766,21,6,5,6,4,
0,cpu0_L2C,767,21,6,5,6,4,
0,cpu0_L2C,768,17,5,6,3,3,
0,cpu0_L2C,769,17,5,6,3,3,
0,cpu0_L2C,770,17,5,6,3,3,
0,cpu0_L2C,771,16,6,3,3,4,
0,cpu0_L2C,772,16,6,3,3,4,
0,cpu0_L2C,773,17,5,6,3,3,
0,cpu0_L2C,774,16,6,3,3,4,
0,cpu0_L2C,775,17,5,6,3,3,
0,cpu0_L2C,776,16,6,3,3,4,
0,cpu0_L2C,777,17,5,6,3,3,
0,cpu0_L2C,778,17,5,6,3,3,
0,cpu0_L2C,779,17,5,6,3,3,
0,cpu0_L2C,780,17,5,6,3,3,
0,cpu0_L2C,781,17,5,6,3,3,
0,cpu0_L2C,782,17,5,6,3,3,
0,cpu0_L2C,783,17,5,6,3,3,
0,cpu0_L2C,784,17,5,6,3,3,
0,cpu0_L2C,785,17,5,6,3,3,
0,cpu0_L2C,786,18,4,3,6,5,
0,cpu0_L2C,787,17,1,6,5,5,
0,cpu0_L2C,788,17,5,6,3,3,
0,cpu0_L2C,789,16,6,3,3,4,
0,cpu0_L2C,790,16,6,3,3,4,
0,cpu0_L2C,791,17,5,6,3,3,
0,cpu0_L2C,792,18,3,6,5,4,
0,cpu0_L2C,793,16,6,3,3,4,
0,cpu0_L2C,794,16,6,3,3,4,
0,cpu0_L2C,795,16,6,3,3,4,
0,cpu0_L2C,796,17,5,6,3,3,
0,cpu0_L2C,797,17,5,6,3,3,
0,cpu0_L2C,798,17,5,6,3,3,
0,cpu0_L2C,799,17,5,6,3,3,
0,cpu0_L2C,800,17,5,6,3,3,
0,cpu0_L2C,801,17,5,6,3,3,
0,cpu0_L2C,802,17,5,6,3,3,
0,cpu0_L2C,803,17,5,6,3,3,
0,cpu0_L2C,804,17,5,6,3,3,
0,cpu0_L2C,805,17,5,6,3,3,
0,cpu0_L2C,806,17,5,6,3,3,
0,cpu0_L2C,807,17,5,6,3,3,
0,cpu0_L2C,808,17,5,6,3,3,
0,cpu0_L2C,809,17,5,6,3,3,
0,cpu0_L2C,810,17,5,6,3,3,
0,cpu0_L2C,811,17,5,6,3,3,
0,cpu0_L2C,812,17,5,6,3,3,
0,cpu0_L2C,813,17,5,6,3,3,
0,cpu0_L2C,814,17,5,6,3,3,
0,cpu0_L2C,815,17,5,6,3,3,
0,cpu0_L2C,816,16,6,3,3,4,
0,cpu0_L2C,817,16,6,3,3,4,
0,cpu0_L2C,818,16,6,3,3,4,
0,cpu0_L2C,819,16,6,3,3,4,
0,cpu0_L2C,820,16,6,3,3,4,
0,cpu0_L2C,821,17,5,6,3,3,
0,cpu0_L2C,822,16,6,3,3,4,
0,cpu0_L2C,823,16,6,3,3,4,
0,cpu0_L2C,824,16,6,3,3,4,
0,cpu0_L2C,825,17,1,8,5,3,
0,cpu0_L2C,826,16,6,3,3,4,
0,cpu0_L2C,827,16,6,3,3,4,
0,cpu0_L2C,828,16,6,3,3,4,
0,cpu0_L2C,829,16,6,3,3,4,
0,cpu0_L2C,830,16,6,3,3,4,
0,cpu0_L2C,831,16,6,3,3,4,
0,cpu0_L2C,832,38,18,7,7,6,
0,cpu0_L2C,833,39,18,7,8,6,
0,cpu0_L2C,834,48,27,7,8,6,
0,cpu0_L2C,835,38,17,7,8,6,
0,cpu0_L2C,836,36,16,7,7,6,
0,cpu0_L2C,837,53,30,8,10,5,
0,cpu0_L2C,838,35,15,7,7,6,
0,cpu0_L2C,839,40,19,7,8,6,
0,cpu0_L2C,840,34,14,7,7,6,
0,cpu0_L2C,841,35,15,7,7,6,
0,cpu0_L2C,842,43,22,7,8,6,
0,cpu0_L2C,843,33,13,7,7,6,
0,cpu0_L2C,844,43,22,7,8,6,
0,cpu0_L2C,845,50,29,7,8,6,
0,cpu0_L2C,846,34,8,11,8,6,
0,cpu0_L2C,847,33,9,11,7,6,
0,cpu0_L2C,848,33,9,10,8,6,
0,cpu0_L2C,849,58,38,7,8,6,
0,cpu0_L2C,850,40,19,7,8,6,
0,cpu0_L2C,851,39,19,7,7,6,
0,cpu0_L2C,852,41,20,7,8,6,
0,cpu0_L2C,853,41,20,7,8,6,
0,cpu0_L2C,854,42,20,7,9,6,
0,cpu0_L2C,855,34,14,7,7,6,
0,cpu0_L2C,856,35,14,7,8,6,
0,cpu0_L2C,857,35,14,7,8,6,
0,cpu0_L2C,858,30,10,7,7,6,
0,cpu0_L2C,859,41,21,7,7,6,
0,cpu0_L2C,860,35,15,7,7,6,
0,cpu0_L2C,861,20,6,6,5,3,
0,cpu0_L2C,862,20,6,6,5,3,
0,cpu0_L2C,863,31,11,7,7,6,
0,cpu0_L2C,864,37,17,7,7,6,
0,cpu0_L2C,865,38,18,7,7,6,
0,cpu0_L2C,866,20,6,6,5,3,
0,cpu0_L2C,867,20,6,6,5,3,
0,cpu0_L2C,868,20,6,6,5,3,
0,cpu0_L2C,869,33,13,7,7,6,
0,cpu0_L2C,870,33,13,7,7,6,
0,cpu0_L2C,871,32,9,10,7,6,
0,cpu0_L2C,872,41,21,7,7,6,
0,cpu0_L2C,873,32,9,10,7,6,
0,cpu0_L2C,874,58,37,7,8,6,
0,cpu0_L2C,875,40,19,7,8,6,
0,cpu0_L2C,876,33,13,7,7,6,
0,cpu0_L2C,877,34,14,7,7,6,
0,cpu0_L2C,878,34,14,7,7,6,
0,cpu0_L2C,879,29,9,7,7,6,
0,cpu0_L2C,880,29,9,7,7,6,
0,cpu0_L2C,881,33,13,7,7,6,
0,cpu0_L2C,882,47,24,7,9,7,
0,cpu0_L2C,883,32,12,7,7,6,
0,cpu0_L2C,884,35,15,7,7,6,
0,cpu0_L2C,885,34,14,7,7,6,
0,cpu0_L2C,886,28,8,7,7,6,
0,cpu0_L2C,887,33,13,7,7,6,
0,cpu0_L2C,888,33,13,7,7,6,
0,cpu0_L2C,889,20,6,6,5,3,
0,cpu0_L2C,890,33,13,7,7,6,
0,cpu0_L2C,891,33,13,7,7,6,
0,cpu0_L2C,892,32,12,7,7,6,
0,cpu0_L2C,893,21,4,6,6,5,
0,cpu0_L2C,894,21,4,6,6,5,
0,cpu0_L2C,895,21,4,6,6,5,
0,cpu0_L2C,896,20,5,6,5,4,
0,cpu0_L2C,897,19,6,5,4,4,
0,cpu0_L2C,898,19,6,5,4,4,
0,cpu0_L2C,899,19,6,5,4,4,
0,cpu0_L2C,900,19,6,5,4,4,
0,cpu0_L2C,901,19,6,5,4,4,
0,cpu0_L2C,902,19,6,5,4,4,
0,cpu0_L2C,903,19,6,5,4,4,
0,cpu0_L2C,904,19,6,5,4,4,
0,cpu0_L2C,905,19,6,5,4,4,
0,cpu0_L2C,906,19,6,5,4,4,
0,cpu0_L2C,907,19,6,5,4,4,
0,cpu0_L2C,908,19,6,5,4,4,
0,cpu0_L2C,909,19,6,5,4,4,
0,cpu0_L2C,910,19,6,5,4,4,
0,cpu0_L2C,911,19,6,5,4,4,
0,cpu0_L2C,912,19,6,5,4,4,
0,cpu0_L2C,913,19,6,5,4,4,
0,cpu0_L2C,914,19,6,5,4,4,
0,cpu0_L2C,915,20,6,5,5,4,
0,cpu0_L2C,916,19,6,5,4,4,
0,cpu0_L2C,917,19,6,5,4,4,
0,cpu0_L2C,918,19,6,5,4,4,
0,cpu0_L2C,919,19,6,5,4,4,
0,cpu0_L2C,920,19,6,5,4,4,
0,cpu0_L2C,921,19,6,5,4,4,
0,cpu0_L2C,922,19,6,5,4,4,
0,cpu0_L2C,923,19,6,5,4,4,
0,cpu0_L2C,924,18,6,5,3,4,
0,cpu0_L2C,925,18,6,5,3,4,
0,cpu0_L2C,926,18,6,5,3,4,
0,cpu0_L2C,927,18,6,5,3,4,
0,cpu0_L2C,928,18,6,5,3,4,
0,cpu0_L2C,929,18,6,5,3,4,
0,cpu0_L2C,930,18,6,5,3,4,
0,cpu0_L2C,931,18,6,5,3,4,
0,cpu0_L2C,932,18,6,5,3,4,
0,cpu0_L2C,933,18,6,5,3,4,
0,cpu0_L2C,934,18,6,5,3,4,
0,cpu0_L2C,935,18,6,5,3,4,
0,cpu0_L2C,936,18,6,5,3,4,
0,cpu0_L2C,937,18,6,5,3,4,
0,cpu0_L2C,938,18,6,5,3,4,
0,cpu0_L2C,939,18,6,5,3,4,
0,cpu0_L2C,940,18,6,5,3,4,
0,cpu0_L2C,941,18,6,5,3,4,
0,cpu0_L2C,942,18,6,5,3,4,
0,cpu0_L2C,943,18,6,5,3,4,
0,cpu0_L2C,944,18,6,5,3,4,
0,cpu0_L2C,945,18,6,5,3,4,
0,cpu0_L2C,946,18,6,5,3,4,
0,cpu0_L2C,947,18,6,5,3,4,
0,cpu0_L2C,948,18,6,5,3,4,
0,cpu0_L2C,949,18,6,5,3,4,
0,cpu0_L2C,950,18,6,5,3,4,
0,cpu0_L2C,951,18,6,5,3,4,
0,cpu0_L2C,952,18,6,5,3,4,
0,cpu0_L2C,953,18,6,5,3,4,
0,cpu0_L2C,954,18,6,5,3,4,
0,cpu0_L2C,955,18,6,5,3,4,
0,cpu0_L2C,956,18,6,5,3,4,
0,cpu0_L2C,957,18,6,5,3,4,
0,cpu0_L2C,958,18,6,5,3,4,
0,cpu0_L2C,959,18,6,5,3,4,
0,cpu0_L2C,960,35,9,10,8,8,
0,cpu0_L2C,961,37,10,10,8,9,
0,cpu0_L2C,962,36,9,10,9,8,
0,cpu0_L2C,963,35,9,10,8,8,
0,cpu0_L2C,964,35,9,10,8,8,
0,cpu0_L2C,965,35,9,10,8,8,
0,cpu0_L2C,966,35,9,10,8,8,
0,cpu0_L2C,967,35,9,10,8,8,
0,cpu0_L2C,968,35,9,10,8,8,
0,cpu0_L2C,969,35,9,10,8,8,
0,cpu0_L2C,970,35,9,10,8,8,
0,cpu0_L2C,971,35,9,10,8,8,
0,cpu0_L2C,972,35,9,10,8,8,
0,cpu0_L2C,973,35,9,10,8,8,
0,cpu0_L2C,974,35,9,10,8,8,
0,cpu0_L2C,975,35,9,10,8,8,
0,cpu0_L2C,976,35,9,10,8,8,
0,cpu0_L2C,977,35,9,10,8,8,
0,cpu0_L2C,978,35,9,10,8,8,
0,cpu0_L2C,979,35,9,10,8,8,
0,cpu0_L2C,980,35,9,10,8,8,
0,cpu0_L2C,981,35,9,10,8,8,
0,cpu0_L2C,982,35,9,10,8,8,
0,cpu0_L2C,983,35,9,10,8,8,
0,cpu0_L2C,984,35,9,10,8,8,
0,cpu0_L2C,985,35,9,10,8,8,
0,cpu0_L2C,986,35,9,10,8,8,
0,cpu0_L2C,987,35,9,10,8,8,
0,cpu0_L2C,988,35,9,10,8,8,
0,cpu0_L2C,989,33,9,8,8,8,
0,cpu0_L2C,990,33,9,8,8,8,
0,cpu0_L2C,991,34,10,8,8,8,
0,cpu0_L2C,992,34,10,8,8,8,
0,cpu0_L2C,993,34,10,8,8,8,
0,cpu0_L2C,994,34,9,9,8,8,
0,cpu0_L2C,995,34,9,9,8,8,
0,cpu0_L2C,996,34,9,9,8,8,
0,cpu0_L2C,997,35,9,10,8,8,
0,cpu0_L2C,998,35,9,10,8,8,
0,cpu0_L2C,999,35,9,10,8,8,
0,cpu0_L2C,1000,36,9,9,10,8,
0,cpu0_L2C,1001,37,10,9,10,8,
0,cpu0_L2C,1002,39,9,10,9,11,
0,cpu0_L2C,1003,38,9,10,9,10,
0,cpu0_L2C,1004,37,10,9,10,8,
0,cpu0_L2C,1005,37,10,9,10,8,
0,cpu0_L2C,1006,37,10,9,10,8,
0,cpu0_L2C,1007,37,10,9,10,8,
0,cpu0_L2C,1008,37,10,9,10,8,
0,cpu0_L2C,1009,37,10,9,10,8,
0,cpu0_L2C,1010,37,10,9,10,8,
0,cpu0_L2C,1011,37,10,9,10,8,
0,cpu0_L2C,1012,37,10,9,10,8,
0,cpu0_L2C,1013,37,10,9,10,8,
0,cpu0_L2C,1014,37,10,9,10,8,
0,cpu0_L2C,1015,37,10,9,10,8,
0,cpu0_L2C,1016,37,10,9,10,8,
0,cpu0_L2C,1017,36,10,9,9,8,
0,cpu0_L2C,1018,37,10,9,10,8,
0,cpu0_L2C,1019,37,10,9,10,8,
0,cpu0_L2C,1020,37,10,9,10,8,
0,cpu0_L2C,1021,37,10,9,10,8,
0,cpu0_L2C,1022,37,10,9,10,8,
0,cpu0_L2C,1023,37,10,9,10,8,
