1,cpu1_L1I,0,1,1,0,0,0,
1,cpu1_L1I,1,1,1,0,0,0,
1,cpu1_L1I,2,1,1,0,0,0,
1,cpu1_L1I,3,1,1,0,0,0,
1,cpu1_L1I,4,1,1,0,0,0,
1,cpu1_L1I,5,1,1,0,0,0,
1,cpu1_L1I,6,1,1,0,0,0,
1,cpu1_L1I,7,1,1,0,0,0,
1,cpu1_L1I,8,1,1,0,0,0,
1,cpu1_L1I,9,1,1,0,0,0,
1,cpu1_L1I,10,2,1,1,0,0,
1,cpu1_L1I,11,2,1,1,0,0,
1,cpu1_L1I,12,2,1,1,0,0,
1,cpu1_L1I,13,2,1,1,0,0,
1,cpu1_L1I,14,2,1,1,0,0,
1,cpu1_L1I,15,2,1,1,0,0,
1,cpu1_L1I,16,2,1,1,0,0,
1,cpu1_L1I,17,2,1,1,0,0,
1,cpu1_L1I,18,2,1,1,0,0,
1,cpu1_L1I,19,2,1,1,0,0,
1,cpu1_L1I,20,2,1,1,0,0,
1,cpu1_L1I,21,2,1,1,0,0,
1,cpu1_L1I,22,2,1,1,0,0,
1,cpu1_L1I,23,1,1,0,0,0,
1,cpu1_L1I,24,1,1,0,0,0,
1,cpu1_L1I,25,1,1,0,0,0,
1,cpu1_L1I,26,1,1,0,0,0,
1,cpu1_L1I,27,1,1,0,0,0,
1,cpu1_L1I,28,2,1,1,0,0,
1,cpu1_L1I,29,1,1,0,0,0,
1,cpu1_L1I,30,1,1,0,0,0,
1,cpu1_L1I,31,1,1,0,0,0,
1,cpu1_L1I,32,1,1,0,0,0,
1,cpu1_L1I,33,2,1,1,0,0,
1,cpu1_L1I,34,2,1,1,0,0,
1,cpu1_L1I,35,2,1,1,0,0,
1,cpu1_L1I,36,2,1,1,0,0,
1,cpu1_L1I,37,2,1,1,0,0,
1,cpu1_L1I,38,2,1,1,0,0,
1,cpu1_L1I,39,2,1,1,0,0,
1,cpu1_L1I,40,2,1,1,0,0,
1,cpu1_L1I,41,1,1,0,0,0,
1,cpu1_L1I,42,1,1,0,0,0,
1,cpu1_L1I,43,1,1,0,0,0,
1,cpu1_L1I,44,1,1,0,0,0,
1,cpu1_L1I,45,2,1,1,0,0,
1,cpu1_L1I,46,2,1,1,0,0,
1,cpu1_L1I,47,1,1,0,0,0,
1,cpu1_L1I,48,1,1,0,0,0,
1,cpu1_L1I,49,1,1,0,0,0,
1,cpu1_L1I,50,2,1,1,0,0,
1,cpu1_L1I,51,2,1,1,0,0,
1,cpu1_L1I,52,1,1,0,0,0,
1,cpu1_L1I,53,1,1,0,0,0,
1,cpu1_L1I,54,3,1,1,1,0,
1,cpu1_L1I,55,2,1,1,0,0,
1,cpu1_L1I,56,2,1,1,0,0,
1,cpu1_L1I,57,4,1,1,1,1,
1,cpu1_L1I,58,3,1,1,1,0,
1,cpu1_L1I,59,2,1,1,0,0,
1,cpu1_L1I,60,1,1,0,0,0,
1,cpu1_L1I,61,1,1,0,0,0,
1,cpu1_L1I,62,2,1,1,0,0,
1,cpu1_L1I,63,2,1,1,0,0,
1,cpu1_L1I,64,3,1,1,1,0,
1,cpu1_L1I,65,3,1,1,1,0,
1,cpu1_L1I,66,4,1,1,1,1,
1,cpu1_L1I,67,3,1,1,1,0,
1,cpu1_L1I,68,4,1,1,1,1,
1,cpu1_L1I,69,4,1,1,1,1,
1,cpu1_L1I,70,3,1,1,1,0,
1,cpu1_L1I,71,4,1,1,1,1,
1,cpu1_L1I,72,3,1,1,1,0,
1,cpu1_L1I,73,4,1,1,1,1,
1,cpu1_L1I,74,4,1,1,1,1,
1,cpu1_L1I,75,3,1,1,1,0,
1,cpu1_L1I,76,3,1,1,1,0,
1,cpu1_L1I,77,4,1,1,1,1,
1,cpu1_L1I,78,4,1,1,1,1,
1,cpu1_L1I,79,4,1,1,1,1,
1,cpu1_L1I,80,4,1,1,1,1,
1,cpu1_L1I,81,4,1,1,1,1,
1,cpu1_L1I,82,275,80,80,56,59,
1,cpu1_L1I,83,4,1,1,1,1,
1,cpu1_L1I,84,5,2,1,1,1,
1,cpu1_L1I,85,4,1,1,1,1,
1,cpu1_L1I,86,4,1,1,1,1,
1,cpu1_L1I,87,4,1,1,1,1,
1,cpu1_L1I,88,4,1,1,1,1,
1,cpu1_L1I,89,3,1,1,1,0,
1,cpu1_L1I,90,3,1,1,1,0,
1,cpu1_L1I,91,3,1,1,1,0,
1,cpu1_L1I,92,4,1,1,1,1,
1,cpu1_L1I,93,3,1,1,1,0,
1,cpu1_L1I,94,3,1,1,1,0,
1,cpu1_L1I,95,3,1,1,1,0,
1,cpu1_L1I,96,2,1,1,0,0,
1,cpu1_L1I,97,2,1,1,0,0,
1,cpu1_L1I,98,2,1,1,0,0,
1,cpu1_L1I,99,3,1,1,1,0,
1,cpu1_L1I,100,2,1,1,0,0,
1,cpu1_L1I,101,3,1,1,1,0,
1,cpu1_L1I,102,3,1,1,1,0,
1,cpu1_L1I,103,3,1,1,1,0,
1,cpu1_L1I,104,3,1,1,1,0,
1,cpu1_L1I,105,3,1,1,1,0,
1,cpu1_L1I,106,3,1,1,1,0,
1,cpu1_L1I,107,3,1,1,1,0,
1,cpu1_L1I,108,3,1,1,1,0,
1,cpu1_L1I,109,3,1,1,1,0,
1,cpu1_L1I,110,3,1,1,1,0,
1,cpu1_L1I,111,2,1,1,0,0,
1,cpu1_L1I,112,1,1,0,0,0,
1,cpu1_L1I,113,1,1,0,0,0,
1,cpu1_L1I,114,1,1,0,0,0,
1,cpu1_L1I,115,1,1,0,0,0,
1,cpu1_L1I,116,2,1,1,0,0,
1,cpu1_L1I,117,3,1,1,1,0,
1,cpu1_L1I,118,2,1,1,0,0,
1,cpu1_L1I,119,2,1,1,0,0,
1,cpu1_L1I,120,1,1,0,0,0,
1,cpu1_L1I,121,1,1,0,0,0,
1,cpu1_L1I,122,1,1,0,0,0,
1,cpu1_L1I,123,1,1,0,0,0,
1,cpu1_L1I,124,2,1,1,0,0,
1,cpu1_L1I,125,3,1,1,1,0,
1,cpu1_L1I,126,2,1,1,0,0,
1,cpu1_L1I,127,2,1,1,0,0,
